[2025-12-05 20:01:34] INFO: Pasta de logs criada em: logs/
[2025-12-05 20:01:34] ERROR: Erro conectando ao banco de dados: 1049 (42000): Unknown database 'traderia'
[2025-12-05 20:01:34] ERROR: Erro ao inicializar banco de dados: 1049 (42000): Unknown database 'traderia'
[2025-12-05 20:01:34] ERROR: Erro inicializando DatabaseService: 1049 (42000): Unknown database 'traderia'
[2025-12-05 20:02:28] INFO: Banco de dados 'traderia' verificado/criado com sucesso.
[2025-12-05 20:02:28] INFO: Criando tabelas...
[2025-12-05 20:02:28] INFO: Banco de dados inicializado com sucesso.
[2025-12-05 20:02:28] INFO: Iniciando serviço de importação de localidades...
[2025-12-05 20:02:28] INFO: Inicializando banco e tabelas...
[2025-12-05 20:02:28] INFO: Banco de dados 'traderia' verificado/criado com sucesso.
[2025-12-05 20:02:28] INFO: Criando tabelas...
[2025-12-05 20:02:28] INFO: Banco de dados inicializado com sucesso.
[2025-12-05 20:02:28] INFO: Iniciando importação de países, estados e cidades...
[2025-12-05 20:02:28] INFO: País processado: Aruba (AW) [id=1]
[2025-12-05 20:02:29] DEBUG: Nenhum estado encontrado para Aruba.
[2025-12-05 20:02:29] INFO: País processado: Afghanistan (AF) [id=2]
[2025-12-05 20:02:29] INFO:   Estado: Badakhshan [id=1]
[2025-12-05 20:02:30] INFO:     6 cidades inseridas/validadas para Badakhshan.
[2025-12-05 20:02:30] INFO:   Estado: Badghis [id=2]
[2025-12-05 20:02:31] INFO:     2 cidades inseridas/validadas para Badghis.
[2025-12-05 20:02:31] INFO:   Estado: Baghlan [id=3]
[2025-12-05 20:02:31] INFO: Conexão com o banco encerrada.
[2025-12-05 20:06:24] INFO: 🚀 Iniciando aplicação...
[2025-12-05 20:06:24] INFO: Banco de dados 'traderia' verificado/criado com sucesso.
[2025-12-05 20:06:24] INFO: Criando tabelas...
[2025-12-05 20:06:24] INFO: Banco de dados inicializado com sucesso.
[2025-12-05 20:06:24] INFO: Iniciando serviço de importação de localidades...
[2025-12-05 20:06:24] INFO: Inicializando banco e tabelas...
[2025-12-05 20:06:24] INFO: Banco de dados 'traderia' verificado/criado com sucesso.
[2025-12-05 20:06:24] INFO: Criando tabelas...
[2025-12-05 20:06:24] INFO: Banco de dados inicializado com sucesso.
[2025-12-05 20:06:24] INFO: Iniciando importação de países, estados e cidades...
[2025-12-05 20:06:24] INFO: País processado: Aruba (AW) [id=1]
[2025-12-05 20:06:25] DEBUG: Nenhum estado encontrado para Aruba.
[2025-12-05 20:06:25] INFO: País processado: Afghanistan (AF) [id=2]
[2025-12-05 20:06:25] INFO:   Estado: Badakhshan [id=1]
[2025-12-05 20:06:26] INFO:     6 cidades inseridas/validadas para Badakhshan.
[2025-12-05 20:06:26] INFO:   Estado: Badghis [id=2]
[2025-12-05 20:06:27] INFO:     2 cidades inseridas/validadas para Badghis.
[2025-12-05 20:06:27] INFO:   Estado: Baghlan [id=3]
[2025-12-05 20:06:28] INFO:     4 cidades inseridas/validadas para Baghlan.
[2025-12-05 20:06:28] INFO:   Estado: Balkh [id=4]
[2025-12-05 20:06:29] INFO:     6 cidades inseridas/validadas para Balkh.
[2025-12-05 20:06:29] INFO:   Estado: Bamyan [id=5]
[2025-12-05 20:06:29] INFO:     2 cidades inseridas/validadas para Bamyan.
[2025-12-05 20:06:29] INFO:   Estado: Daykundi [id=6]
[2025-12-05 20:06:30] INFO:     1 cidades inseridas/validadas para Daykundi.
[2025-12-05 20:06:30] INFO:   Estado: Farah [id=7]
[2025-12-05 20:06:31] INFO:     1 cidades inseridas/validadas para Farah.
[2025-12-05 20:06:31] INFO:   Estado: Faryab [id=8]
[2025-12-05 20:06:32] INFO:     2 cidades inseridas/validadas para Faryab.
[2025-12-05 20:06:32] INFO:   Estado: Ghazni [id=9]
[2025-12-05 20:06:33] INFO:     1 cidades inseridas/validadas para Ghazni.
[2025-12-05 20:06:33] INFO:   Estado: Ghōr [id=10]
[2025-12-05 20:06:33] INFO:     2 cidades inseridas/validadas para Ghōr.
[2025-12-05 20:06:34] INFO:   Estado: Helmand [id=11]
[2025-12-05 20:06:34] INFO:     5 cidades inseridas/validadas para Helmand.
[2025-12-05 20:06:34] INFO:   Estado: Herat [id=12]
[2025-12-05 20:06:35] INFO:     11 cidades inseridas/validadas para Herat.
[2025-12-05 20:06:35] INFO:   Estado: Jowzjan [id=13]
[2025-12-05 20:06:36] INFO:     4 cidades inseridas/validadas para Jowzjan.
[2025-12-05 20:06:36] INFO:   Estado: Kabul [id=14]
[2025-12-05 20:06:36] INFO:     3 cidades inseridas/validadas para Kabul.
[2025-12-05 20:06:37] INFO:   Estado: Kandahar [id=15]
[2025-12-05 20:06:37] INFO:     1 cidades inseridas/validadas para Kandahar.
[2025-12-05 20:06:37] INFO:   Estado: Kapisa [id=16]
[2025-12-05 20:06:38] INFO:     1 cidades inseridas/validadas para Kapisa.
[2025-12-05 20:06:38] INFO:   Estado: Khost [id=17]
[2025-12-05 20:06:38] INFO: Conexão com o banco encerrada.
