2025-12-02 18:21:38,093 - finance_ai - INFO - API inicializada e routers registrados.
2025-12-02 18:21:59,630 - finance_ai - INFO - API inicializada e routers registrados.
2025-12-02 18:23:33,381 - finance_ai - INFO - API inicializada e routers registrados.
2025-12-02 18:36:23,113 - finance_ai - INFO - API inicializada.
2025-12-02 18:36:23,114 - finance_ai - INFO - Task de coleta periódica iniciada.
2025-12-02 18:36:26,379 - finance_ai - ERROR - Erro ao coletar dados: keys must be str, int, float, bool or None, not tuple
2025-12-02 18:37:26,578 - finance_ai - ERROR - Erro ao coletar dados: keys must be str, int, float, bool or None, not tuple
2025-12-02 18:39:16,328 - finance_ai - INFO - API inicializada.
2025-12-02 18:39:16,328 - finance_ai - INFO - Task de coleta periódica iniciada.
2025-12-02 18:39:17,204 - finance_ai - ERROR - Erro ao coletar dados: keys must be str, int, float, bool or None, not tuple
2025-12-02 18:40:17,418 - finance_ai - ERROR - Erro ao coletar dados: keys must be str, int, float, bool or None, not tuple
2025-12-02 18:40:43,698 - finance_ai - INFO - API inicializada.
2025-12-02 18:40:43,699 - finance_ai - INFO - Task de coleta periódica iniciada.
2025-12-02 18:40:44,203 - finance_ai - ERROR - Erro ao coletar dados: keys must be str, int, float, bool or None, not tuple
2025-12-02 18:41:44,377 - finance_ai - ERROR - Erro ao coletar dados: keys must be str, int, float, bool or None, not tuple
2025-12-02 18:42:35,323 - finance_ai - INFO - API inicializada.
2025-12-02 18:42:35,324 - finance_ai - INFO - Task de coleta periódica iniciada.
2025-12-02 18:42:39,112 - finance_ai - ERROR - Erro ao coletar dados: object NoneType can't be used in 'await' expression
2025-12-02 18:43:41,067 - finance_ai - ERROR - Erro ao coletar dados: object NoneType can't be used in 'await' expression
2025-12-02 18:44:44,880 - finance_ai - ERROR - Erro ao coletar dados: object NoneType can't be used in 'await' expression
2025-12-02 18:45:47,468 - finance_ai - ERROR - Erro ao coletar dados: object NoneType can't be used in 'await' expression
2025-12-02 18:45:50,115 - finance_ai - INFO - API inicializada.
2025-12-02 18:45:50,116 - finance_ai - INFO - Task de coleta periódica iniciada.
2025-12-02 18:45:52,320 - finance_ai - ERROR - Erro ao coletar dados: object NoneType can't be used in 'await' expression
2025-12-02 18:48:14,227 - finance_ai - INFO - API inicializada.
2025-12-02 18:48:14,227 - finance_ai - INFO - Task de coleta periódica iniciada.
2025-12-02 18:48:51,408 - finance_ai - ERROR - Erro ao coletar dados: object NoneType can't be used in 'await' expression
2025-12-02 18:59:41,925 - finance_ai - INFO - API inicializada.
2025-12-02 18:59:41,926 - finance_ai - INFO - Task de coleta periódica iniciada.
2025-12-02 18:59:42,449 - finance_ai - INFO - Dados de PETR4.SA salvos em data/assets\2025-12-02\PETR4.SA.csv
2025-12-02 18:59:42,645 - finance_ai - INFO - Dados de VALE3.SA salvos em data/assets\2025-12-02\VALE3.SA.csv
2025-12-02 18:59:42,847 - finance_ai - INFO - Dados de ITUB4.SA salvos em data/assets\2025-12-02\ITUB4.SA.csv
2025-12-02 18:59:43,274 - finance_ai - INFO - Dados de BBDC4.SA salvos em data/assets\2025-12-02\BBDC4.SA.csv
2025-12-02 18:59:43,466 - finance_ai - INFO - Dados de ABEV3.SA salvos em data/assets\2025-12-02\ABEV3.SA.csv
2025-12-02 18:59:43,666 - finance_ai - INFO - Dados de BBAS3.SA salvos em data/assets\2025-12-02\BBAS3.SA.csv
2025-12-02 18:59:43,852 - finance_ai - INFO - Dados de RENT3.SA salvos em data/assets\2025-12-02\RENT3.SA.csv
2025-12-02 18:59:44,100 - finance_ai - INFO - Dados de MGLU3.SA salvos em data/assets\2025-12-02\MGLU3.SA.csv
2025-12-02 18:59:44,288 - finance_ai - INFO - Dados de WEGE3.SA salvos em data/assets\2025-12-02\WEGE3.SA.csv
2025-12-02 18:59:44,479 - finance_ai - INFO - Dados de GGBR4.SA salvos em data/assets\2025-12-02\GGBR4.SA.csv
2025-12-02 18:59:44,674 - finance_ai - INFO - Dados de SANB11.SA salvos em data/assets\2025-12-02\SANB11.SA.csv
2025-12-02 18:59:44,870 - finance_ai - INFO - Dados de B3SA3.SA salvos em data/assets\2025-12-02\B3SA3.SA.csv
2025-12-02 18:59:45,061 - finance_ai - INFO - Dados de LREN3.SA salvos em data/assets\2025-12-02\LREN3.SA.csv
2025-12-02 18:59:45,278 - finance_ai - INFO - Dados de SUZB3.SA salvos em data/assets\2025-12-02\SUZB3.SA.csv
2025-12-02 18:59:45,440 - finance_ai - WARNING - Dados não encontrados para EMBR3.SA
2025-12-02 18:59:45,440 - finance_ai - WARNING - Nenhum dado para salvar de EMBR3.SA
2025-12-02 18:59:46,892 - finance_ai - WARNING - Dados não encontrados para VVAR3.SA
2025-12-02 18:59:46,892 - finance_ai - WARNING - Nenhum dado para salvar de VVAR3.SA
2025-12-02 18:59:47,086 - finance_ai - INFO - Dados de HYPE3.SA salvos em data/assets\2025-12-02\HYPE3.SA.csv
2025-12-02 18:59:47,292 - finance_ai - INFO - Dados de RADL3.SA salvos em data/assets\2025-12-02\RADL3.SA.csv
2025-12-02 18:59:47,486 - finance_ai - INFO - Dados de CVCB3.SA salvos em data/assets\2025-12-02\CVCB3.SA.csv
2025-12-02 18:59:47,695 - finance_ai - INFO - Dados de EQTL3.SA salvos em data/assets\2025-12-02\EQTL3.SA.csv
2025-12-02 18:59:47,695 - finance_ai - ERROR - Erro ao coletar dados: object NoneType can't be used in 'await' expression
2025-12-02 19:00:13,575 - finance_ai - INFO - API inicializada.
2025-12-02 19:00:13,575 - finance_ai - INFO - Task de coleta periódica iniciada.
2025-12-02 19:00:14,108 - finance_ai - INFO - Dados de PETR4.SA salvos em data/assets\2025-12-02\PETR4.SA.csv
2025-12-02 19:00:14,305 - finance_ai - INFO - Dados de VALE3.SA salvos em data/assets\2025-12-02\VALE3.SA.csv
2025-12-02 19:00:14,505 - finance_ai - INFO - Dados de ITUB4.SA salvos em data/assets\2025-12-02\ITUB4.SA.csv
2025-12-02 19:00:14,713 - finance_ai - INFO - Dados de BBDC4.SA salvos em data/assets\2025-12-02\BBDC4.SA.csv
2025-12-02 19:00:14,896 - finance_ai - INFO - Dados de ABEV3.SA salvos em data/assets\2025-12-02\ABEV3.SA.csv
2025-12-02 19:00:15,322 - finance_ai - INFO - Dados de BBAS3.SA salvos em data/assets\2025-12-02\BBAS3.SA.csv
2025-12-02 19:00:15,512 - finance_ai - INFO - Dados de RENT3.SA salvos em data/assets\2025-12-02\RENT3.SA.csv
2025-12-02 19:00:15,692 - finance_ai - INFO - Dados de MGLU3.SA salvos em data/assets\2025-12-02\MGLU3.SA.csv
2025-12-02 19:00:15,901 - finance_ai - INFO - Dados de WEGE3.SA salvos em data/assets\2025-12-02\WEGE3.SA.csv
2025-12-02 19:00:16,091 - finance_ai - INFO - Dados de GGBR4.SA salvos em data/assets\2025-12-02\GGBR4.SA.csv
2025-12-02 19:00:16,275 - finance_ai - INFO - Dados de SANB11.SA salvos em data/assets\2025-12-02\SANB11.SA.csv
2025-12-02 19:00:16,497 - finance_ai - INFO - Dados de B3SA3.SA salvos em data/assets\2025-12-02\B3SA3.SA.csv
2025-12-02 19:00:16,680 - finance_ai - INFO - Dados de LREN3.SA salvos em data/assets\2025-12-02\LREN3.SA.csv
2025-12-02 19:00:16,887 - finance_ai - INFO - Dados de SUZB3.SA salvos em data/assets\2025-12-02\SUZB3.SA.csv
2025-12-02 19:00:17,053 - finance_ai - WARNING - Dados não encontrados para EMBR3.SA
2025-12-02 19:00:17,053 - finance_ai - WARNING - Nenhum dado para salvar de EMBR3.SA
2025-12-02 19:00:18,673 - finance_ai - WARNING - Dados não encontrados para VVAR3.SA
2025-12-02 19:00:18,674 - finance_ai - WARNING - Nenhum dado para salvar de VVAR3.SA
2025-12-02 19:00:18,855 - finance_ai - INFO - Dados de HYPE3.SA salvos em data/assets\2025-12-02\HYPE3.SA.csv
2025-12-02 19:00:19,044 - finance_ai - INFO - Dados de RADL3.SA salvos em data/assets\2025-12-02\RADL3.SA.csv
2025-12-02 19:00:19,226 - finance_ai - INFO - Dados de CVCB3.SA salvos em data/assets\2025-12-02\CVCB3.SA.csv
2025-12-02 19:00:19,415 - finance_ai - INFO - Dados de EQTL3.SA salvos em data/assets\2025-12-02\EQTL3.SA.csv
2025-12-02 19:00:19,416 - finance_ai - ERROR - Erro ao coletar dados: object NoneType can't be used in 'await' expression
2025-12-02 19:01:19,644 - finance_ai - INFO - Dados de PETR4.SA salvos em data/assets\2025-12-02\PETR4.SA.csv
2025-12-02 19:01:19,834 - finance_ai - INFO - Dados de VALE3.SA salvos em data/assets\2025-12-02\VALE3.SA.csv
2025-12-02 19:01:20,035 - finance_ai - INFO - Dados de ITUB4.SA salvos em data/assets\2025-12-02\ITUB4.SA.csv
2025-12-02 19:01:20,230 - finance_ai - INFO - Dados de BBDC4.SA salvos em data/assets\2025-12-02\BBDC4.SA.csv
2025-12-02 19:01:20,491 - finance_ai - INFO - Dados de ABEV3.SA salvos em data/assets\2025-12-02\ABEV3.SA.csv
2025-12-02 19:01:20,677 - finance_ai - INFO - Dados de BBAS3.SA salvos em data/assets\2025-12-02\BBAS3.SA.csv
2025-12-02 19:01:20,882 - finance_ai - INFO - Dados de RENT3.SA salvos em data/assets\2025-12-02\RENT3.SA.csv
2025-12-02 19:01:21,312 - finance_ai - INFO - Dados de MGLU3.SA salvos em data/assets\2025-12-02\MGLU3.SA.csv
2025-12-02 19:01:21,505 - finance_ai - INFO - Dados de WEGE3.SA salvos em data/assets\2025-12-02\WEGE3.SA.csv
2025-12-02 19:01:21,695 - finance_ai - INFO - Dados de GGBR4.SA salvos em data/assets\2025-12-02\GGBR4.SA.csv
2025-12-02 19:01:21,877 - finance_ai - INFO - Dados de SANB11.SA salvos em data/assets\2025-12-02\SANB11.SA.csv
2025-12-02 19:01:22,070 - finance_ai - INFO - Dados de B3SA3.SA salvos em data/assets\2025-12-02\B3SA3.SA.csv
2025-12-02 19:01:22,286 - finance_ai - INFO - Dados de LREN3.SA salvos em data/assets\2025-12-02\LREN3.SA.csv
2025-12-02 19:01:22,474 - finance_ai - INFO - Dados de SUZB3.SA salvos em data/assets\2025-12-02\SUZB3.SA.csv
2025-12-02 19:01:22,643 - finance_ai - WARNING - Dados não encontrados para EMBR3.SA
2025-12-02 19:01:22,644 - finance_ai - WARNING - Nenhum dado para salvar de EMBR3.SA
2025-12-02 19:01:24,097 - finance_ai - WARNING - Dados não encontrados para VVAR3.SA
2025-12-02 19:01:24,098 - finance_ai - WARNING - Nenhum dado para salvar de VVAR3.SA
2025-12-02 19:01:24,288 - finance_ai - INFO - Dados de HYPE3.SA salvos em data/assets\2025-12-02\HYPE3.SA.csv
2025-12-02 19:01:24,492 - finance_ai - INFO - Dados de RADL3.SA salvos em data/assets\2025-12-02\RADL3.SA.csv
2025-12-02 19:01:24,679 - finance_ai - INFO - Dados de CVCB3.SA salvos em data/assets\2025-12-02\CVCB3.SA.csv
2025-12-02 19:01:24,888 - finance_ai - INFO - Dados de EQTL3.SA salvos em data/assets\2025-12-02\EQTL3.SA.csv
2025-12-02 19:01:24,888 - finance_ai - ERROR - Erro ao coletar dados: object NoneType can't be used in 'await' expression
2025-12-02 19:01:40,527 - finance_ai - INFO - API inicializada.
2025-12-02 19:01:40,528 - finance_ai - INFO - Task de coleta periódica iniciada.
2025-12-02 19:01:41,029 - finance_ai - INFO - Dados de PETR4.SA salvos em data/assets\2025-12-02\PETR4.SA.csv
2025-12-02 19:01:41,220 - finance_ai - INFO - Dados de VALE3.SA salvos em data/assets\2025-12-02\VALE3.SA.csv
2025-12-02 19:01:41,409 - finance_ai - INFO - Dados de ITUB4.SA salvos em data/assets\2025-12-02\ITUB4.SA.csv
2025-12-02 19:01:41,593 - finance_ai - INFO - Dados de BBDC4.SA salvos em data/assets\2025-12-02\BBDC4.SA.csv
2025-12-02 19:01:41,779 - finance_ai - INFO - Dados de ABEV3.SA salvos em data/assets\2025-12-02\ABEV3.SA.csv
2025-12-02 19:01:41,963 - finance_ai - INFO - Dados de BBAS3.SA salvos em data/assets\2025-12-02\BBAS3.SA.csv
2025-12-02 19:01:42,142 - finance_ai - INFO - Dados de RENT3.SA salvos em data/assets\2025-12-02\RENT3.SA.csv
2025-12-02 19:01:42,325 - finance_ai - INFO - Dados de MGLU3.SA salvos em data/assets\2025-12-02\MGLU3.SA.csv
2025-12-02 19:01:42,497 - finance_ai - INFO - Dados de WEGE3.SA salvos em data/assets\2025-12-02\WEGE3.SA.csv
2025-12-02 19:01:42,684 - finance_ai - INFO - Dados de GGBR4.SA salvos em data/assets\2025-12-02\GGBR4.SA.csv
2025-12-02 19:01:42,886 - finance_ai - INFO - Dados de SANB11.SA salvos em data/assets\2025-12-02\SANB11.SA.csv
2025-12-02 19:01:43,068 - finance_ai - INFO - Dados de B3SA3.SA salvos em data/assets\2025-12-02\B3SA3.SA.csv
2025-12-02 19:01:43,253 - finance_ai - INFO - Dados de LREN3.SA salvos em data/assets\2025-12-02\LREN3.SA.csv
2025-12-02 19:01:43,434 - finance_ai - INFO - Dados de SUZB3.SA salvos em data/assets\2025-12-02\SUZB3.SA.csv
2025-12-02 19:01:43,591 - finance_ai - WARNING - Dados não encontrados para EMBR3.SA
2025-12-02 19:01:43,591 - finance_ai - WARNING - Nenhum dado para salvar de EMBR3.SA
2025-12-02 19:01:51,331 - finance_ai - WARNING - Dados não encontrados para VVAR3.SA
2025-12-02 19:01:51,331 - finance_ai - WARNING - Nenhum dado para salvar de VVAR3.SA
2025-12-02 19:01:51,523 - finance_ai - INFO - Dados de HYPE3.SA salvos em data/assets\2025-12-02\HYPE3.SA.csv
2025-12-02 19:01:51,946 - finance_ai - INFO - Dados de RADL3.SA salvos em data/assets\2025-12-02\RADL3.SA.csv
2025-12-02 19:01:52,122 - finance_ai - INFO - Dados de CVCB3.SA salvos em data/assets\2025-12-02\CVCB3.SA.csv
2025-12-02 19:01:52,318 - finance_ai - INFO - Dados de EQTL3.SA salvos em data/assets\2025-12-02\EQTL3.SA.csv
2025-12-02 19:01:52,318 - finance_ai - ERROR - Erro ao coletar dados: object NoneType can't be used in 'await' expression
2025-12-02 19:02:52,506 - finance_ai - INFO - Dados de PETR4.SA salvos em data/assets\2025-12-02\PETR4.SA.csv
2025-12-02 19:02:52,692 - finance_ai - INFO - Dados de VALE3.SA salvos em data/assets\2025-12-02\VALE3.SA.csv
2025-12-02 19:02:52,873 - finance_ai - INFO - Dados de ITUB4.SA salvos em data/assets\2025-12-02\ITUB4.SA.csv
2025-12-02 19:02:53,055 - finance_ai - INFO - Dados de BBDC4.SA salvos em data/assets\2025-12-02\BBDC4.SA.csv
2025-12-02 19:02:53,276 - finance_ai - INFO - Dados de ABEV3.SA salvos em data/assets\2025-12-02\ABEV3.SA.csv
2025-12-02 19:02:53,471 - finance_ai - INFO - Dados de BBAS3.SA salvos em data/assets\2025-12-02\BBAS3.SA.csv
2025-12-02 19:02:53,653 - finance_ai - INFO - Dados de RENT3.SA salvos em data/assets\2025-12-02\RENT3.SA.csv
2025-12-02 19:02:53,834 - finance_ai - INFO - Dados de MGLU3.SA salvos em data/assets\2025-12-02\MGLU3.SA.csv
2025-12-02 19:02:54,012 - finance_ai - INFO - Dados de WEGE3.SA salvos em data/assets\2025-12-02\WEGE3.SA.csv
2025-12-02 19:02:54,183 - finance_ai - INFO - Dados de GGBR4.SA salvos em data/assets\2025-12-02\GGBR4.SA.csv
2025-12-02 19:02:54,610 - finance_ai - INFO - Dados de SANB11.SA salvos em data/assets\2025-12-02\SANB11.SA.csv
2025-12-02 19:02:54,793 - finance_ai - INFO - Dados de B3SA3.SA salvos em data/assets\2025-12-02\B3SA3.SA.csv
2025-12-02 19:02:54,985 - finance_ai - INFO - Dados de LREN3.SA salvos em data/assets\2025-12-02\LREN3.SA.csv
2025-12-02 19:02:55,168 - finance_ai - INFO - Dados de SUZB3.SA salvos em data/assets\2025-12-02\SUZB3.SA.csv
2025-12-02 19:02:55,325 - finance_ai - WARNING - Dados não encontrados para EMBR3.SA
2025-12-02 19:02:55,325 - finance_ai - WARNING - Nenhum dado para salvar de EMBR3.SA
2025-12-02 19:02:56,526 - finance_ai - WARNING - Dados não encontrados para VVAR3.SA
2025-12-02 19:02:56,526 - finance_ai - WARNING - Nenhum dado para salvar de VVAR3.SA
2025-12-02 19:02:56,728 - finance_ai - INFO - Dados de HYPE3.SA salvos em data/assets\2025-12-02\HYPE3.SA.csv
2025-12-02 19:02:56,914 - finance_ai - INFO - Dados de RADL3.SA salvos em data/assets\2025-12-02\RADL3.SA.csv
2025-12-02 19:02:57,096 - finance_ai - INFO - Dados de CVCB3.SA salvos em data/assets\2025-12-02\CVCB3.SA.csv
2025-12-02 19:02:57,281 - finance_ai - INFO - Dados de EQTL3.SA salvos em data/assets\2025-12-02\EQTL3.SA.csv
2025-12-02 19:02:57,281 - finance_ai - ERROR - Erro ao coletar dados: object NoneType can't be used in 'await' expression
2025-12-02 19:03:37,684 - finance_ai - INFO - API inicializada.
2025-12-02 19:03:37,701 - finance_ai - INFO - Task de coleta periódica iniciada.
2025-12-02 19:03:43,747 - finance_ai - INFO - Saved data for PETR4.SA to data/assets\2025-12-02\PETR4.SA.csv
2025-12-02 19:03:48,945 - finance_ai - INFO - Saved data for VALE3.SA to data/assets\2025-12-02\VALE3.SA.csv
2025-12-02 19:03:54,132 - finance_ai - INFO - Saved data for ITUB4.SA to data/assets\2025-12-02\ITUB4.SA.csv
2025-12-02 19:03:59,591 - finance_ai - INFO - Saved data for BBDC4.SA to data/assets\2025-12-02\BBDC4.SA.csv
2025-12-02 19:04:04,771 - finance_ai - INFO - Saved data for ABEV3.SA to data/assets\2025-12-02\ABEV3.SA.csv
2025-12-02 19:04:09,952 - finance_ai - INFO - Saved data for BBAS3.SA to data/assets\2025-12-02\BBAS3.SA.csv
2025-12-02 19:04:15,131 - finance_ai - INFO - Saved data for RENT3.SA to data/assets\2025-12-02\RENT3.SA.csv
2025-12-02 19:04:20,312 - finance_ai - INFO - Saved data for MGLU3.SA to data/assets\2025-12-02\MGLU3.SA.csv
2025-12-02 19:04:25,501 - finance_ai - INFO - Saved data for WEGE3.SA to data/assets\2025-12-02\WEGE3.SA.csv
2025-12-02 19:04:30,709 - finance_ai - INFO - Saved data for GGBR4.SA to data/assets\2025-12-02\GGBR4.SA.csv
2025-12-02 19:04:36,129 - finance_ai - INFO - Saved data for SANB11.SA to data/assets\2025-12-02\SANB11.SA.csv
2025-12-02 19:04:41,320 - finance_ai - INFO - Saved data for B3SA3.SA to data/assets\2025-12-02\B3SA3.SA.csv
2025-12-02 19:04:46,507 - finance_ai - INFO - Saved data for LREN3.SA to data/assets\2025-12-02\LREN3.SA.csv
2025-12-02 19:04:51,685 - finance_ai - INFO - Saved data for SUZB3.SA to data/assets\2025-12-02\SUZB3.SA.csv
2025-12-02 19:04:51,844 - finance_ai - WARNING - No data found for EMBR3.SA. Symbol may be inactive or delisted.
2025-12-02 19:04:51,845 - finance_ai - WARNING - No data to save for EMBR3.SA.
2025-12-02 19:04:53,288 - finance_ai - WARNING - No data found for VVAR3.SA. Symbol may be inactive or delisted.
2025-12-02 19:04:53,288 - finance_ai - WARNING - No data to save for VVAR3.SA.
2025-12-02 19:04:58,482 - finance_ai - INFO - Saved data for HYPE3.SA to data/assets\2025-12-02\HYPE3.SA.csv
2025-12-02 19:05:03,662 - finance_ai - INFO - Saved data for RADL3.SA to data/assets\2025-12-02\RADL3.SA.csv
2025-12-02 19:05:08,857 - finance_ai - INFO - Saved data for CVCB3.SA to data/assets\2025-12-02\CVCB3.SA.csv
2025-12-02 19:05:14,048 - finance_ai - INFO - Saved data for EQTL3.SA to data/assets\2025-12-02\EQTL3.SA.csv
2025-12-02 19:05:14,048 - finance_ai - ERROR - Erro ao coletar dados: object NoneType can't be used in 'await' expression
2025-12-02 19:08:55,706 - finance_ai - INFO - API inicializada.
2025-12-02 19:08:55,707 - finance_ai - INFO - Task de coleta periódica iniciada.
2025-12-02 19:09:01,207 - finance_ai - INFO - Saved data for PETR4.SA to data/assets\2025-12-02\PETR4.SA.csv
2025-12-02 19:09:06,396 - finance_ai - INFO - Saved data for VALE3.SA to data/assets\2025-12-02\VALE3.SA.csv
2025-12-02 19:09:11,612 - finance_ai - INFO - Saved data for ITUB4.SA to data/assets\2025-12-02\ITUB4.SA.csv
2025-12-02 19:09:16,819 - finance_ai - INFO - Saved data for BBDC4.SA to data/assets\2025-12-02\BBDC4.SA.csv
2025-12-02 19:09:21,997 - finance_ai - INFO - Saved data for ABEV3.SA to data/assets\2025-12-02\ABEV3.SA.csv
2025-12-02 19:09:27,194 - finance_ai - INFO - Saved data for BBAS3.SA to data/assets\2025-12-02\BBAS3.SA.csv
2025-12-02 19:09:32,615 - finance_ai - INFO - Saved data for RENT3.SA to data/assets\2025-12-02\RENT3.SA.csv
2025-12-02 19:09:37,800 - finance_ai - INFO - Saved data for MGLU3.SA to data/assets\2025-12-02\MGLU3.SA.csv
2025-12-02 19:09:42,983 - finance_ai - INFO - Saved data for WEGE3.SA to data/assets\2025-12-02\WEGE3.SA.csv
2025-12-02 19:09:48,172 - finance_ai - INFO - Saved data for GGBR4.SA to data/assets\2025-12-02\GGBR4.SA.csv
2025-12-02 19:09:53,363 - finance_ai - INFO - Saved data for SANB11.SA to data/assets\2025-12-02\SANB11.SA.csv
2025-12-02 19:09:58,546 - finance_ai - INFO - Saved data for B3SA3.SA to data/assets\2025-12-02\B3SA3.SA.csv
2025-12-02 19:10:03,737 - finance_ai - INFO - Saved data for LREN3.SA to data/assets\2025-12-02\LREN3.SA.csv
2025-12-02 19:10:08,939 - finance_ai - INFO - Saved data for SUZB3.SA to data/assets\2025-12-02\SUZB3.SA.csv
2025-12-02 19:10:14,276 - finance_ai - INFO - Saved data for EMBJ3.SA to data/assets\2025-12-02\EMBJ3.SA.csv
2025-12-02 19:10:15,650 - finance_ai - WARNING - No data found for VIIA3.SA. Symbol may be inactive or delisted.
2025-12-02 19:10:15,650 - finance_ai - WARNING - No data to save for VIIA3.SA.
2025-12-02 19:10:20,837 - finance_ai - INFO - Saved data for HYPE3.SA to data/assets\2025-12-02\HYPE3.SA.csv
2025-12-02 19:10:26,031 - finance_ai - INFO - Saved data for RADL3.SA to data/assets\2025-12-02\RADL3.SA.csv
2025-12-02 19:10:31,220 - finance_ai - INFO - Saved data for CVCB3.SA to data/assets\2025-12-02\CVCB3.SA.csv
2025-12-02 19:10:36,404 - finance_ai - INFO - Saved data for EQTL3.SA to data/assets\2025-12-02\EQTL3.SA.csv
2025-12-02 19:10:36,404 - finance_ai - ERROR - Erro ao coletar dados: object NoneType can't be used in 'await' expression
2025-12-02 19:11:41,610 - finance_ai - INFO - Saved data for PETR4.SA to data/assets\2025-12-02\PETR4.SA.csv
2025-12-02 19:11:46,785 - finance_ai - INFO - Saved data for VALE3.SA to data/assets\2025-12-02\VALE3.SA.csv
2025-12-02 19:11:52,014 - finance_ai - INFO - Saved data for ITUB4.SA to data/assets\2025-12-02\ITUB4.SA.csv
2025-12-02 19:23:12,327 - finance_ai - INFO - API inicializada.
2025-12-02 19:23:12,328 - finance_ai - INFO - Task de coleta periódica iniciada.
2025-12-02 19:23:27,415 - finance_ai - INFO - API inicializada.
2025-12-02 19:23:27,416 - finance_ai - INFO - Task de coleta periódica iniciada.
2025-12-02 19:23:29,735 - finance_ai - WARNING - No data found for PETR4.SA. Symbol may be inactive or delisted.
2025-12-02 19:23:29,735 - finance_ai - WARNING - No data to save for PETR4.SA.
2025-12-02 19:23:31,404 - finance_ai - WARNING - No data found for VALE3.SA. Symbol may be inactive or delisted.
2025-12-02 19:23:31,404 - finance_ai - WARNING - No data to save for VALE3.SA.
2025-12-02 19:23:32,544 - finance_ai - WARNING - No data found for ITUB4.SA. Symbol may be inactive or delisted.
2025-12-02 19:23:32,544 - finance_ai - WARNING - No data to save for ITUB4.SA.
2025-12-02 19:23:33,482 - finance_ai - WARNING - No data found for BBDC4.SA. Symbol may be inactive or delisted.
2025-12-02 19:23:33,482 - finance_ai - WARNING - No data to save for BBDC4.SA.
2025-12-02 19:23:34,574 - finance_ai - WARNING - No data found for ABEV3.SA. Symbol may be inactive or delisted.
2025-12-02 19:23:34,574 - finance_ai - WARNING - No data to save for ABEV3.SA.
2025-12-02 19:23:35,702 - finance_ai - WARNING - No data found for BBAS3.SA. Symbol may be inactive or delisted.
2025-12-02 19:23:35,702 - finance_ai - WARNING - No data to save for BBAS3.SA.
2025-12-02 19:23:36,604 - finance_ai - WARNING - No data found for RENT3.SA. Symbol may be inactive or delisted.
2025-12-02 19:23:36,604 - finance_ai - WARNING - No data to save for RENT3.SA.
2025-12-02 19:23:37,507 - finance_ai - WARNING - No data found for MGLU3.SA. Symbol may be inactive or delisted.
2025-12-02 19:23:37,507 - finance_ai - WARNING - No data to save for MGLU3.SA.
2025-12-02 19:23:38,460 - finance_ai - WARNING - No data found for WEGE3.SA. Symbol may be inactive or delisted.
2025-12-02 19:23:38,460 - finance_ai - WARNING - No data to save for WEGE3.SA.
2025-12-02 19:24:06,428 - finance_ai - INFO - API inicializada.
2025-12-02 19:24:06,429 - finance_ai - INFO - Task de coleta periódica iniciada.
2025-12-02 19:24:08,455 - finance_ai - INFO - Saved data for PETR4 to data/assets\2025-12-02\PETR4.csv
2025-12-02 19:24:11,043 - finance_ai - INFO - Saved data for VALE3 to data/assets\2025-12-02\VALE3.csv
2025-12-02 19:24:13,033 - finance_ai - INFO - Saved data for ITUB4 to data/assets\2025-12-02\ITUB4.csv
2025-12-02 19:24:15,255 - finance_ai - INFO - Saved data for BBDC4 to data/assets\2025-12-02\BBDC4.csv
2025-12-02 19:24:17,228 - finance_ai - INFO - Saved data for ABEV3 to data/assets\2025-12-02\ABEV3.csv
2025-12-02 19:24:19,482 - finance_ai - INFO - Saved data for BBAS3 to data/assets\2025-12-02\BBAS3.csv
2025-12-02 19:24:21,451 - finance_ai - INFO - Saved data for RENT3 to data/assets\2025-12-02\RENT3.csv
2025-12-02 19:24:23,758 - finance_ai - INFO - Saved data for MGLU3 to data/assets\2025-12-02\MGLU3.csv
2025-12-02 19:24:26,212 - finance_ai - INFO - Saved data for WEGE3 to data/assets\2025-12-02\WEGE3.csv
2025-12-02 19:24:28,177 - finance_ai - INFO - Saved data for GGBR4 to data/assets\2025-12-02\GGBR4.csv
2025-12-02 19:24:30,391 - finance_ai - INFO - Saved data for SANB11 to data/assets\2025-12-02\SANB11.csv
2025-12-02 19:24:32,374 - finance_ai - INFO - Saved data for B3SA3 to data/assets\2025-12-02\B3SA3.csv
2025-12-02 19:24:34,594 - finance_ai - INFO - Saved data for LREN3 to data/assets\2025-12-02\LREN3.csv
2025-12-02 19:24:36,780 - finance_ai - INFO - Saved data for SUZB3 to data/assets\2025-12-02\SUZB3.csv
2025-12-02 19:24:39,216 - finance_ai - INFO - Saved data for EMBJ3 to data/assets\2025-12-02\EMBJ3.csv
2025-12-02 19:24:41,642 - finance_ai - INFO - Saved data for BHIA3 to data/assets\2025-12-02\BHIA3.csv
2025-12-02 19:24:43,632 - finance_ai - INFO - Saved data for HYPE3 to data/assets\2025-12-02\HYPE3.csv
2025-12-02 19:24:46,106 - finance_ai - INFO - Saved data for RADL3 to data/assets\2025-12-02\RADL3.csv
2025-12-02 19:24:48,088 - finance_ai - INFO - Saved data for CVCB3 to data/assets\2025-12-02\CVCB3.csv
2025-12-02 19:24:50,060 - finance_ai - INFO - Saved data for EQTL3 to data/assets\2025-12-02\EQTL3.csv
2025-12-02 19:24:50,060 - finance_ai - ERROR - Erro ao coletar dados: object NoneType can't be used in 'await' expression
2025-12-02 19:25:52,118 - finance_ai - INFO - Saved data for PETR4 to data/assets\2025-12-02\PETR4.csv
2025-12-02 19:25:53,980 - finance_ai - INFO - Saved data for VALE3 to data/assets\2025-12-02\VALE3.csv
2025-12-02 19:25:55,817 - finance_ai - INFO - Saved data for ITUB4 to data/assets\2025-12-02\ITUB4.csv
2025-12-02 19:25:57,703 - finance_ai - INFO - Saved data for BBDC4 to data/assets\2025-12-02\BBDC4.csv
2025-12-02 19:25:59,572 - finance_ai - INFO - Saved data for ABEV3 to data/assets\2025-12-02\ABEV3.csv
2025-12-02 19:26:01,400 - finance_ai - INFO - Saved data for BBAS3 to data/assets\2025-12-02\BBAS3.csv
2025-12-02 19:26:03,227 - finance_ai - INFO - Saved data for RENT3 to data/assets\2025-12-02\RENT3.csv
2025-12-02 19:26:05,327 - finance_ai - INFO - Saved data for MGLU3 to data/assets\2025-12-02\MGLU3.csv
2025-12-02 19:26:07,370 - finance_ai - INFO - Saved data for WEGE3 to data/assets\2025-12-02\WEGE3.csv
2025-12-02 19:26:09,174 - finance_ai - INFO - Saved data for GGBR4 to data/assets\2025-12-02\GGBR4.csv
2025-12-02 19:26:10,997 - finance_ai - INFO - Saved data for SANB11 to data/assets\2025-12-02\SANB11.csv
2025-12-02 19:26:12,835 - finance_ai - INFO - Saved data for B3SA3 to data/assets\2025-12-02\B3SA3.csv
2025-12-02 19:26:14,745 - finance_ai - INFO - Saved data for LREN3 to data/assets\2025-12-02\LREN3.csv
2025-12-02 19:26:16,563 - finance_ai - INFO - Saved data for SUZB3 to data/assets\2025-12-02\SUZB3.csv
2025-12-02 19:26:18,372 - finance_ai - INFO - Saved data for EMBJ3 to data/assets\2025-12-02\EMBJ3.csv
2025-12-02 19:26:20,194 - finance_ai - INFO - Saved data for BHIA3 to data/assets\2025-12-02\BHIA3.csv
2025-12-02 19:26:21,996 - finance_ai - INFO - Saved data for HYPE3 to data/assets\2025-12-02\HYPE3.csv
2025-12-02 19:26:23,808 - finance_ai - INFO - Saved data for RADL3 to data/assets\2025-12-02\RADL3.csv
2025-12-02 19:26:25,634 - finance_ai - INFO - Saved data for CVCB3 to data/assets\2025-12-02\CVCB3.csv
2025-12-02 19:26:27,574 - finance_ai - INFO - Saved data for EQTL3 to data/assets\2025-12-02\EQTL3.csv
2025-12-02 19:26:27,574 - finance_ai - ERROR - Erro ao coletar dados: object NoneType can't be used in 'await' expression
2025-12-02 19:27:29,645 - finance_ai - INFO - Saved data for PETR4 to data/assets\2025-12-02\PETR4.csv
2025-12-02 19:27:31,453 - finance_ai - INFO - Saved data for VALE3 to data/assets\2025-12-02\VALE3.csv
2025-12-02 19:27:33,502 - finance_ai - INFO - Saved data for ITUB4 to data/assets\2025-12-02\ITUB4.csv
2025-12-02 19:27:35,319 - finance_ai - INFO - Saved data for BBDC4 to data/assets\2025-12-02\BBDC4.csv
2025-12-02 19:27:37,392 - finance_ai - INFO - Saved data for ABEV3 to data/assets\2025-12-02\ABEV3.csv
2025-12-02 19:27:39,406 - finance_ai - INFO - Saved data for BBAS3 to data/assets\2025-12-02\BBAS3.csv
2025-12-02 19:27:41,470 - finance_ai - INFO - Saved data for RENT3 to data/assets\2025-12-02\RENT3.csv
2025-12-02 19:27:43,570 - finance_ai - INFO - Saved data for MGLU3 to data/assets\2025-12-02\MGLU3.csv
2025-12-02 19:27:45,636 - finance_ai - INFO - Saved data for WEGE3 to data/assets\2025-12-02\WEGE3.csv
2025-12-02 19:27:47,445 - finance_ai - INFO - Saved data for GGBR4 to data/assets\2025-12-02\GGBR4.csv
2025-12-02 19:27:49,261 - finance_ai - INFO - Saved data for SANB11 to data/assets\2025-12-02\SANB11.csv
2025-12-02 19:27:51,086 - finance_ai - INFO - Saved data for B3SA3 to data/assets\2025-12-02\B3SA3.csv
2025-12-02 19:27:53,148 - finance_ai - INFO - Saved data for LREN3 to data/assets\2025-12-02\LREN3.csv
2025-12-02 19:27:54,975 - finance_ai - INFO - Saved data for SUZB3 to data/assets\2025-12-02\SUZB3.csv
2025-12-02 19:27:56,891 - finance_ai - INFO - Saved data for EMBJ3 to data/assets\2025-12-02\EMBJ3.csv
2025-12-02 19:27:58,760 - finance_ai - INFO - Saved data for BHIA3 to data/assets\2025-12-02\BHIA3.csv
2025-12-02 19:28:00,577 - finance_ai - INFO - Saved data for HYPE3 to data/assets\2025-12-02\HYPE3.csv
2025-12-02 19:28:02,391 - finance_ai - INFO - Saved data for RADL3 to data/assets\2025-12-02\RADL3.csv
2025-12-02 19:28:04,484 - finance_ai - INFO - Saved data for CVCB3 to data/assets\2025-12-02\CVCB3.csv
2025-12-02 19:28:06,307 - finance_ai - INFO - Saved data for EQTL3 to data/assets\2025-12-02\EQTL3.csv
2025-12-02 19:28:06,307 - finance_ai - ERROR - Erro ao coletar dados: object NoneType can't be used in 'await' expression
2025-12-02 19:29:08,160 - finance_ai - INFO - Saved data for PETR4 to data/assets\2025-12-02\PETR4.csv
2025-12-02 19:29:09,997 - finance_ai - INFO - Saved data for VALE3 to data/assets\2025-12-02\VALE3.csv
2025-12-02 19:29:12,064 - finance_ai - INFO - Saved data for ITUB4 to data/assets\2025-12-02\ITUB4.csv
2025-12-02 19:29:13,873 - finance_ai - INFO - Saved data for BBDC4 to data/assets\2025-12-02\BBDC4.csv
2025-12-02 19:29:15,688 - finance_ai - INFO - Saved data for ABEV3 to data/assets\2025-12-02\ABEV3.csv
2025-12-02 19:29:17,784 - finance_ai - INFO - Saved data for BBAS3 to data/assets\2025-12-02\BBAS3.csv
2025-12-02 19:32:35,191 - finance_ai - INFO - API initialized.
2025-12-02 19:32:35,207 - finance_ai - INFO - Periodic data collection task started.
2025-12-02 19:32:37,446 - finance_ai - INFO - Saved data for PETR4 to data/assets\2025-12-02\PETR4.csv
2025-12-02 19:32:39,412 - finance_ai - INFO - Saved data for VALE3 to data/assets\2025-12-02\VALE3.csv
2025-12-02 19:32:41,474 - finance_ai - INFO - Saved data for ITUB4 to data/assets\2025-12-02\ITUB4.csv
2025-12-02 19:32:43,858 - finance_ai - INFO - Saved data for BBDC4 to data/assets\2025-12-02\BBDC4.csv
2025-12-02 19:32:46,103 - finance_ai - INFO - Saved data for ABEV3 to data/assets\2025-12-02\ABEV3.csv
2025-12-02 19:32:48,331 - finance_ai - INFO - Saved data for BBAS3 to data/assets\2025-12-02\BBAS3.csv
2025-12-02 19:32:50,320 - finance_ai - INFO - Saved data for RENT3 to data/assets\2025-12-02\RENT3.csv
2025-12-02 19:32:52,298 - finance_ai - INFO - Saved data for MGLU3 to data/assets\2025-12-02\MGLU3.csv
2025-12-02 19:32:54,276 - finance_ai - INFO - Saved data for WEGE3 to data/assets\2025-12-02\WEGE3.csv
2025-12-02 19:32:56,261 - finance_ai - INFO - Saved data for GGBR4 to data/assets\2025-12-02\GGBR4.csv
2025-12-02 19:32:58,475 - finance_ai - INFO - Saved data for SANB11 to data/assets\2025-12-02\SANB11.csv
2025-12-02 19:33:00,694 - finance_ai - INFO - Saved data for B3SA3 to data/assets\2025-12-02\B3SA3.csv
2025-12-02 19:33:12,025 - finance_ai - INFO - API initialized.
2025-12-02 19:33:12,025 - finance_ai - INFO - Periodic data collection task started.
2025-12-02 19:33:14,242 - finance_ai - INFO - Saved data for PETR4 to data/assets\2025-12-02\PETR4.csv
2025-12-02 19:33:16,234 - finance_ai - INFO - Saved data for VALE3 to data/assets\2025-12-02\VALE3.csv
2025-12-02 19:33:18,376 - finance_ai - INFO - Saved data for ITUB4 to data/assets\2025-12-02\ITUB4.csv
2025-12-02 19:33:20,350 - finance_ai - INFO - Saved data for BBDC4 to data/assets\2025-12-02\BBDC4.csv
2025-12-02 19:33:22,565 - finance_ai - INFO - Saved data for ABEV3 to data/assets\2025-12-02\ABEV3.csv
2025-12-02 19:33:24,537 - finance_ai - INFO - Saved data for BBAS3 to data/assets\2025-12-02\BBAS3.csv
2025-12-02 19:33:26,514 - finance_ai - INFO - Saved data for RENT3 to data/assets\2025-12-02\RENT3.csv
2025-12-02 19:33:28,503 - finance_ai - INFO - Saved data for MGLU3 to data/assets\2025-12-02\MGLU3.csv
2025-12-02 19:33:30,490 - finance_ai - INFO - Saved data for WEGE3 to data/assets\2025-12-02\WEGE3.csv
2025-12-02 19:33:32,493 - finance_ai - INFO - Saved data for GGBR4 to data/assets\2025-12-02\GGBR4.csv
2025-12-02 19:33:34,557 - finance_ai - INFO - Saved data for SANB11 to data/assets\2025-12-02\SANB11.csv
2025-12-02 19:33:36,764 - finance_ai - INFO - Saved data for B3SA3 to data/assets\2025-12-02\B3SA3.csv
2025-12-02 19:33:39,169 - finance_ai - INFO - Saved data for LREN3 to data/assets\2025-12-02\LREN3.csv
2025-12-02 19:33:41,634 - finance_ai - INFO - Saved data for SUZB3 to data/assets\2025-12-02\SUZB3.csv
2025-12-02 19:33:44,074 - finance_ai - INFO - Saved data for EMBJ3 to data/assets\2025-12-02\EMBJ3.csv
2025-12-02 19:33:46,024 - finance_ai - INFO - Saved data for BHIA3 to data/assets\2025-12-02\BHIA3.csv
2025-12-02 19:33:47,997 - finance_ai - INFO - Saved data for HYPE3 to data/assets\2025-12-02\HYPE3.csv
2025-12-02 19:33:50,003 - finance_ai - INFO - Saved data for RADL3 to data/assets\2025-12-02\RADL3.csv
2025-12-02 19:33:53,754 - finance_ai - INFO - Saved data for CVCB3 to data/assets\2025-12-02\CVCB3.csv
2025-12-02 19:33:55,720 - finance_ai - INFO - Saved data for EQTL3 to data/assets\2025-12-02\EQTL3.csv
2025-12-02 19:33:57,359 - finance_ai - INFO - Saved news for PETR4 to data/news\2025\12\2\PETR4.json
2025-12-02 19:33:58,904 - finance_ai - INFO - Saved news for VALE3 to data/news\2025\12\2\VALE3.json
2025-12-02 19:34:00,613 - finance_ai - INFO - Saved news for ITUB4 to data/news\2025\12\2\ITUB4.json
2025-12-02 19:34:02,188 - finance_ai - INFO - Saved news for BBDC4 to data/news\2025\12\2\BBDC4.json
2025-12-02 19:34:03,677 - finance_ai - INFO - Saved news for ABEV3 to data/news\2025\12\2\ABEV3.json
2025-12-02 19:34:05,773 - finance_ai - INFO - Saved news for BBAS3 to data/news\2025\12\2\BBAS3.json
2025-12-02 19:34:07,251 - finance_ai - INFO - Saved news for RENT3 to data/news\2025\12\2\RENT3.json
2025-12-02 19:34:08,726 - finance_ai - INFO - Saved news for MGLU3 to data/news\2025\12\2\MGLU3.json
2025-12-02 19:34:10,188 - finance_ai - INFO - Saved news for WEGE3 to data/news\2025\12\2\WEGE3.json
2025-12-02 19:34:11,671 - finance_ai - INFO - Saved news for GGBR4 to data/news\2025\12\2\GGBR4.json
2025-12-02 19:34:13,217 - finance_ai - INFO - Saved news for SANB11 to data/news\2025\12\2\SANB11.json
2025-12-02 19:34:14,678 - finance_ai - INFO - Saved news for B3SA3 to data/news\2025\12\2\B3SA3.json
2025-12-02 19:34:16,154 - finance_ai - INFO - Saved news for LREN3 to data/news\2025\12\2\LREN3.json
2025-12-02 19:34:17,635 - finance_ai - INFO - Saved news for SUZB3 to data/news\2025\12\2\SUZB3.json
2025-12-02 19:34:19,130 - finance_ai - INFO - Saved news for EMBJ3 to data/news\2025\12\2\EMBJ3.json
2025-12-02 19:34:20,648 - finance_ai - INFO - Saved news for BHIA3 to data/news\2025\12\2\BHIA3.json
2025-12-02 19:34:22,097 - finance_ai - INFO - Saved news for HYPE3 to data/news\2025\12\2\HYPE3.json
2025-12-02 19:34:23,579 - finance_ai - INFO - Saved news for RADL3 to data/news\2025\12\2\RADL3.json
2025-12-02 19:34:25,046 - finance_ai - INFO - Saved news for CVCB3 to data/news\2025\12\2\CVCB3.json
2025-12-02 19:34:26,546 - finance_ai - INFO - Saved news for EQTL3 to data/news\2025\12\2\EQTL3.json
2025-12-02 19:34:26,547 - finance_ai - INFO - Stock data and news collected and saved successfully.
2025-12-02 19:35:28,462 - finance_ai - INFO - Saved data for PETR4 to data/assets\2025-12-02\PETR4.csv
2025-12-02 19:35:30,506 - finance_ai - INFO - Saved data for VALE3 to data/assets\2025-12-02\VALE3.csv
2025-12-02 19:35:32,338 - finance_ai - INFO - Saved data for ITUB4 to data/assets\2025-12-02\ITUB4.csv
2025-12-02 19:35:34,153 - finance_ai - INFO - Saved data for BBDC4 to data/assets\2025-12-02\BBDC4.csv
2025-12-02 19:35:36,005 - finance_ai - INFO - Saved data for ABEV3 to data/assets\2025-12-02\ABEV3.csv
2025-12-02 19:35:37,819 - finance_ai - INFO - Saved data for BBAS3 to data/assets\2025-12-02\BBAS3.csv
2025-12-02 19:35:39,915 - finance_ai - INFO - Saved data for RENT3 to data/assets\2025-12-02\RENT3.csv
2025-12-02 19:36:12,275 - finance_ai - INFO - API initialized.
2025-12-02 19:36:12,275 - finance_ai - INFO - Periodic data collection task started.
2025-12-02 19:36:14,355 - finance_ai - INFO - Saved data for PETR4 to data/assets\2025\12\2\PETR4.csv
2025-12-02 19:36:16,417 - finance_ai - INFO - Saved data for VALE3 to data/assets\2025\12\2\VALE3.csv
2025-12-02 19:36:18,371 - finance_ai - INFO - Saved data for ITUB4 to data/assets\2025\12\2\ITUB4.csv
2025-12-02 19:36:20,332 - finance_ai - INFO - Saved data for BBDC4 to data/assets\2025\12\2\BBDC4.csv
2025-12-02 19:36:22,560 - finance_ai - INFO - Saved data for ABEV3 to data/assets\2025\12\2\ABEV3.csv
2025-12-02 19:36:24,832 - finance_ai - INFO - Saved data for BBAS3 to data/assets\2025\12\2\BBAS3.csv
2025-12-02 19:36:27,313 - finance_ai - INFO - Saved data for RENT3 to data/assets\2025\12\2\RENT3.csv
2025-12-02 19:36:29,284 - finance_ai - INFO - Saved data for MGLU3 to data/assets\2025\12\2\MGLU3.csv
2025-12-02 19:36:31,271 - finance_ai - INFO - Saved data for WEGE3 to data/assets\2025\12\2\WEGE3.csv
2025-12-02 19:36:33,276 - finance_ai - INFO - Saved data for GGBR4 to data/assets\2025\12\2\GGBR4.csv
2025-12-02 19:36:35,274 - finance_ai - INFO - Saved data for SANB11 to data/assets\2025\12\2\SANB11.csv
2025-12-02 19:36:37,241 - finance_ai - INFO - Saved data for B3SA3 to data/assets\2025\12\2\B3SA3.csv
2025-12-02 19:36:39,706 - finance_ai - INFO - Saved data for LREN3 to data/assets\2025\12\2\LREN3.csv
2025-12-02 19:36:41,669 - finance_ai - INFO - Saved data for SUZB3 to data/assets\2025\12\2\SUZB3.csv
2025-12-02 19:36:43,686 - finance_ai - INFO - Saved data for EMBJ3 to data/assets\2025\12\2\EMBJ3.csv
2025-12-02 19:36:46,126 - finance_ai - INFO - Saved data for BHIA3 to data/assets\2025\12\2\BHIA3.csv
2025-12-02 19:36:48,582 - finance_ai - INFO - Saved data for HYPE3 to data/assets\2025\12\2\HYPE3.csv
2025-12-02 19:36:50,563 - finance_ai - INFO - Saved data for RADL3 to data/assets\2025\12\2\RADL3.csv
2025-12-02 19:36:52,528 - finance_ai - INFO - Saved data for CVCB3 to data/assets\2025\12\2\CVCB3.csv
2025-12-02 19:36:54,501 - finance_ai - INFO - Saved data for EQTL3 to data/assets\2025\12\2\EQTL3.csv
2025-12-02 19:36:55,982 - finance_ai - INFO - Saved news for PETR4 to data/news\2025\12\2\PETR4.json
2025-12-02 19:36:57,477 - finance_ai - INFO - Saved news for VALE3 to data/news\2025\12\2\VALE3.json
2025-12-02 19:36:58,941 - finance_ai - INFO - Saved news for ITUB4 to data/news\2025\12\2\ITUB4.json
2025-12-02 19:37:00,385 - finance_ai - INFO - Saved news for BBDC4 to data/news\2025\12\2\BBDC4.json
2025-12-02 19:37:01,856 - finance_ai - INFO - Saved news for ABEV3 to data/news\2025\12\2\ABEV3.json
2025-12-02 19:37:03,330 - finance_ai - INFO - Saved news for BBAS3 to data/news\2025\12\2\BBAS3.json
2025-12-02 19:37:04,773 - finance_ai - INFO - Saved news for RENT3 to data/news\2025\12\2\RENT3.json
2025-12-02 19:37:06,224 - finance_ai - INFO - Saved news for MGLU3 to data/news\2025\12\2\MGLU3.json
2025-12-02 19:37:07,670 - finance_ai - INFO - Saved news for WEGE3 to data/news\2025\12\2\WEGE3.json
2025-12-02 19:37:09,142 - finance_ai - INFO - Saved news for GGBR4 to data/news\2025\12\2\GGBR4.json
2025-12-02 19:37:10,846 - finance_ai - INFO - Saved news for SANB11 to data/news\2025\12\2\SANB11.json
2025-12-02 19:37:12,306 - finance_ai - INFO - Saved news for B3SA3 to data/news\2025\12\2\B3SA3.json
2025-12-02 19:37:13,771 - finance_ai - INFO - Saved news for LREN3 to data/news\2025\12\2\LREN3.json
2025-12-02 19:37:15,217 - finance_ai - INFO - Saved news for SUZB3 to data/news\2025\12\2\SUZB3.json
2025-12-02 19:37:16,659 - finance_ai - INFO - Saved news for EMBJ3 to data/news\2025\12\2\EMBJ3.json
2025-12-02 19:37:18,105 - finance_ai - INFO - Saved news for BHIA3 to data/news\2025\12\2\BHIA3.json
2025-12-02 19:37:19,562 - finance_ai - INFO - Saved news for HYPE3 to data/news\2025\12\2\HYPE3.json
2025-12-02 19:37:21,024 - finance_ai - INFO - Saved news for RADL3 to data/news\2025\12\2\RADL3.json
2025-12-02 19:37:22,479 - finance_ai - INFO - Saved news for CVCB3 to data/news\2025\12\2\CVCB3.json
2025-12-02 19:37:23,943 - finance_ai - INFO - Saved news for EQTL3 to data/news\2025\12\2\EQTL3.json
2025-12-02 19:37:23,944 - finance_ai - INFO - Stock data and news collected and saved successfully.
2025-12-02 19:38:26,048 - finance_ai - INFO - Saved data for PETR4 to data/assets\2025\12\2\PETR4.csv
2025-12-02 19:38:28,190 - finance_ai - INFO - Saved data for VALE3 to data/assets\2025\12\2\VALE3.csv
2025-12-02 19:38:30,487 - finance_ai - INFO - Saved data for ITUB4 to data/assets\2025\12\2\ITUB4.csv
2025-12-02 19:38:32,539 - finance_ai - INFO - Saved data for BBDC4 to data/assets\2025\12\2\BBDC4.csv
2025-12-02 19:38:34,601 - finance_ai - INFO - Saved data for ABEV3 to data/assets\2025\12\2\ABEV3.csv
2025-12-02 19:38:36,683 - finance_ai - INFO - Saved data for BBAS3 to data/assets\2025\12\2\BBAS3.csv
2025-12-02 19:38:38,522 - finance_ai - INFO - Saved data for RENT3 to data/assets\2025\12\2\RENT3.csv
2025-12-02 19:38:40,341 - finance_ai - INFO - Saved data for MGLU3 to data/assets\2025\12\2\MGLU3.csv
2025-12-02 19:38:42,156 - finance_ai - INFO - Saved data for WEGE3 to data/assets\2025\12\2\WEGE3.csv
2025-12-02 19:38:43,977 - finance_ai - INFO - Saved data for GGBR4 to data/assets\2025\12\2\GGBR4.csv
2025-12-02 19:38:45,808 - finance_ai - INFO - Saved data for SANB11 to data/assets\2025\12\2\SANB11.csv
2025-12-02 19:38:47,617 - finance_ai - INFO - Saved data for B3SA3 to data/assets\2025\12\2\B3SA3.csv
2025-12-02 19:38:49,439 - finance_ai - INFO - Saved data for LREN3 to data/assets\2025\12\2\LREN3.csv
2025-12-02 19:38:51,502 - finance_ai - INFO - Saved data for SUZB3 to data/assets\2025\12\2\SUZB3.csv
2025-12-02 19:38:53,631 - finance_ai - INFO - Saved data for EMBJ3 to data/assets\2025\12\2\EMBJ3.csv
2025-12-02 19:38:55,479 - finance_ai - INFO - Saved data for BHIA3 to data/assets\2025\12\2\BHIA3.csv
2025-12-02 19:38:57,342 - finance_ai - INFO - Saved data for HYPE3 to data/assets\2025\12\2\HYPE3.csv
2025-12-02 19:38:59,161 - finance_ai - INFO - Saved data for RADL3 to data/assets\2025\12\2\RADL3.csv
2025-12-02 19:39:01,195 - finance_ai - INFO - Saved data for CVCB3 to data/assets\2025\12\2\CVCB3.csv
2025-12-02 19:39:03,018 - finance_ai - INFO - Saved data for EQTL3 to data/assets\2025\12\2\EQTL3.csv
2025-12-02 19:39:04,551 - finance_ai - INFO - Saved news for PETR4 to data/news\2025\12\2\PETR4.json
2025-12-02 19:39:06,114 - finance_ai - INFO - Saved news for VALE3 to data/news\2025\12\2\VALE3.json
2025-12-02 19:39:07,784 - finance_ai - INFO - Saved news for ITUB4 to data/news\2025\12\2\ITUB4.json
2025-12-02 19:39:09,326 - finance_ai - INFO - Saved news for BBDC4 to data/news\2025\12\2\BBDC4.json
2025-12-02 19:39:10,880 - finance_ai - INFO - Saved news for ABEV3 to data/news\2025\12\2\ABEV3.json
2025-12-02 19:39:12,472 - finance_ai - INFO - Saved news for BBAS3 to data/news\2025\12\2\BBAS3.json
2025-12-02 19:39:14,523 - finance_ai - INFO - Saved news for RENT3 to data/news\2025\12\2\RENT3.json
2025-12-02 19:39:16,005 - finance_ai - INFO - Saved news for MGLU3 to data/news\2025\12\2\MGLU3.json
2025-12-02 19:39:17,506 - finance_ai - INFO - Saved news for WEGE3 to data/news\2025\12\2\WEGE3.json
2025-12-02 19:39:18,967 - finance_ai - INFO - Saved news for GGBR4 to data/news\2025\12\2\GGBR4.json
2025-12-02 19:39:20,618 - finance_ai - INFO - Saved news for SANB11 to data/news\2025\12\2\SANB11.json
2025-12-02 19:39:22,106 - finance_ai - INFO - Saved news for B3SA3 to data/news\2025\12\2\B3SA3.json
2025-12-02 19:39:23,606 - finance_ai - INFO - Saved news for LREN3 to data/news\2025\12\2\LREN3.json
2025-12-02 19:39:25,072 - finance_ai - INFO - Saved news for SUZB3 to data/news\2025\12\2\SUZB3.json
2025-12-02 19:39:26,541 - finance_ai - INFO - Saved news for EMBJ3 to data/news\2025\12\2\EMBJ3.json
2025-12-02 19:39:28,007 - finance_ai - INFO - Saved news for BHIA3 to data/news\2025\12\2\BHIA3.json
2025-12-02 19:39:29,493 - finance_ai - INFO - Saved news for HYPE3 to data/news\2025\12\2\HYPE3.json
2025-12-02 19:39:31,045 - finance_ai - INFO - Saved news for RADL3 to data/news\2025\12\2\RADL3.json
2025-12-02 19:39:32,509 - finance_ai - INFO - Saved news for CVCB3 to data/news\2025\12\2\CVCB3.json
2025-12-02 19:39:33,992 - finance_ai - INFO - Saved news for EQTL3 to data/news\2025\12\2\EQTL3.json
2025-12-02 19:39:33,992 - finance_ai - INFO - Stock data and news collected and saved successfully.
2025-12-02 19:40:35,839 - finance_ai - INFO - Saved data for PETR4 to data/assets\2025\12\2\PETR4.csv
2025-12-02 19:40:37,665 - finance_ai - INFO - Saved data for VALE3 to data/assets\2025\12\2\VALE3.csv
2025-12-02 19:40:39,956 - finance_ai - INFO - Saved data for ITUB4 to data/assets\2025\12\2\ITUB4.csv
2025-12-02 19:40:41,769 - finance_ai - INFO - Saved data for BBDC4 to data/assets\2025\12\2\BBDC4.csv
2025-12-02 19:40:43,593 - finance_ai - INFO - Saved data for ABEV3 to data/assets\2025\12\2\ABEV3.csv
2025-12-02 19:40:45,458 - finance_ai - INFO - Saved data for BBAS3 to data/assets\2025\12\2\BBAS3.csv
2025-12-02 19:40:47,516 - finance_ai - INFO - Saved data for RENT3 to data/assets\2025\12\2\RENT3.csv
2025-12-02 19:40:49,340 - finance_ai - INFO - Saved data for MGLU3 to data/assets\2025\12\2\MGLU3.csv
2025-12-02 19:40:51,172 - finance_ai - INFO - Saved data for WEGE3 to data/assets\2025\12\2\WEGE3.csv
2025-12-02 19:40:53,000 - finance_ai - INFO - Saved data for GGBR4 to data/assets\2025\12\2\GGBR4.csv
2025-12-02 19:40:54,816 - finance_ai - INFO - Saved data for SANB11 to data/assets\2025\12\2\SANB11.csv
2025-12-02 19:40:56,643 - finance_ai - INFO - Saved data for B3SA3 to data/assets\2025\12\2\B3SA3.csv
2025-12-02 19:40:58,468 - finance_ai - INFO - Saved data for LREN3 to data/assets\2025\12\2\LREN3.csv
2025-12-02 19:41:00,279 - finance_ai - INFO - Saved data for SUZB3 to data/assets\2025\12\2\SUZB3.csv
2025-12-02 19:41:02,087 - finance_ai - INFO - Saved data for EMBJ3 to data/assets\2025\12\2\EMBJ3.csv
2025-12-02 19:41:03,906 - finance_ai - INFO - Saved data for BHIA3 to data/assets\2025\12\2\BHIA3.csv
2025-12-02 19:41:05,729 - finance_ai - INFO - Saved data for HYPE3 to data/assets\2025\12\2\HYPE3.csv
2025-12-02 19:41:07,551 - finance_ai - INFO - Saved data for RADL3 to data/assets\2025\12\2\RADL3.csv
2025-12-02 19:41:09,375 - finance_ai - INFO - Saved data for CVCB3 to data/assets\2025\12\2\CVCB3.csv
2025-12-02 19:41:11,257 - finance_ai - INFO - Saved data for EQTL3 to data/assets\2025\12\2\EQTL3.csv
2025-12-02 19:41:12,726 - finance_ai - INFO - Saved news for PETR4 to data/news\2025\12\2\PETR4.json
2025-12-02 19:41:14,210 - finance_ai - INFO - Saved news for VALE3 to data/news\2025\12\2\VALE3.json
2025-12-02 19:41:15,664 - finance_ai - INFO - Saved news for ITUB4 to data/news\2025\12\2\ITUB4.json
2025-12-02 19:41:17,121 - finance_ai - INFO - Saved news for BBDC4 to data/news\2025\12\2\BBDC4.json
2025-12-02 19:41:18,588 - finance_ai - INFO - Saved news for ABEV3 to data/news\2025\12\2\ABEV3.json
2025-12-02 19:41:20,046 - finance_ai - INFO - Saved news for BBAS3 to data/news\2025\12\2\BBAS3.json
2025-12-02 19:41:21,531 - finance_ai - INFO - Saved news for RENT3 to data/news\2025\12\2\RENT3.json
2025-12-02 19:41:22,989 - finance_ai - INFO - Saved news for MGLU3 to data/news\2025\12\2\MGLU3.json
2025-12-02 19:41:24,433 - finance_ai - INFO - Saved news for WEGE3 to data/news\2025\12\2\WEGE3.json
2025-12-02 19:41:25,907 - finance_ai - INFO - Saved news for GGBR4 to data/news\2025\12\2\GGBR4.json
2025-12-02 19:41:27,359 - finance_ai - INFO - Saved news for SANB11 to data/news\2025\12\2\SANB11.json
2025-12-02 19:41:28,845 - finance_ai - INFO - Saved news for B3SA3 to data/news\2025\12\2\B3SA3.json
2025-12-02 19:41:30,303 - finance_ai - INFO - Saved news for LREN3 to data/news\2025\12\2\LREN3.json
2025-12-02 19:41:31,747 - finance_ai - INFO - Saved news for SUZB3 to data/news\2025\12\2\SUZB3.json
2025-12-02 19:41:33,208 - finance_ai - INFO - Saved news for EMBJ3 to data/news\2025\12\2\EMBJ3.json
2025-12-02 19:41:34,652 - finance_ai - INFO - Saved news for BHIA3 to data/news\2025\12\2\BHIA3.json
2025-12-02 19:41:36,095 - finance_ai - INFO - Saved news for HYPE3 to data/news\2025\12\2\HYPE3.json
2025-12-02 19:41:37,545 - finance_ai - INFO - Saved news for RADL3 to data/news\2025\12\2\RADL3.json
2025-12-02 19:41:38,990 - finance_ai - INFO - Saved news for CVCB3 to data/news\2025\12\2\CVCB3.json
2025-12-02 19:41:40,449 - finance_ai - INFO - Saved news for EQTL3 to data/news\2025\12\2\EQTL3.json
2025-12-02 19:41:40,449 - finance_ai - INFO - Stock data and news collected and saved successfully.
2025-12-02 19:42:42,682 - finance_ai - INFO - Saved data for PETR4 to data/assets\2025\12\2\PETR4.csv
2025-12-02 19:42:44,732 - finance_ai - INFO - Saved data for VALE3 to data/assets\2025\12\2\VALE3.csv
2025-12-02 19:42:46,649 - finance_ai - INFO - Saved data for ITUB4 to data/assets\2025\12\2\ITUB4.csv
2025-12-02 19:42:48,480 - finance_ai - INFO - Saved data for BBDC4 to data/assets\2025\12\2\BBDC4.csv
2025-12-02 19:42:50,285 - finance_ai - INFO - Saved data for ABEV3 to data/assets\2025\12\2\ABEV3.csv
2025-12-02 19:42:52,363 - finance_ai - INFO - Saved data for BBAS3 to data/assets\2025\12\2\BBAS3.csv
2025-12-02 19:42:54,169 - finance_ai - INFO - Saved data for RENT3 to data/assets\2025\12\2\RENT3.csv
2025-12-02 19:42:56,239 - finance_ai - INFO - Saved data for MGLU3 to data/assets\2025\12\2\MGLU3.csv
2025-12-02 19:42:58,078 - finance_ai - INFO - Saved data for WEGE3 to data/assets\2025\12\2\WEGE3.csv
2025-12-02 19:42:59,894 - finance_ai - INFO - Saved data for GGBR4 to data/assets\2025\12\2\GGBR4.csv
2025-12-02 19:43:01,858 - finance_ai - INFO - Saved data for SANB11 to data/assets\2025\12\2\SANB11.csv
2025-12-02 19:43:03,715 - finance_ai - INFO - Saved data for B3SA3 to data/assets\2025\12\2\B3SA3.csv
2025-12-02 19:43:05,526 - finance_ai - INFO - Saved data for LREN3 to data/assets\2025\12\2\LREN3.csv
2025-12-02 19:43:07,824 - finance_ai - INFO - Saved data for SUZB3 to data/assets\2025\12\2\SUZB3.csv
2025-12-02 19:43:09,888 - finance_ai - INFO - Saved data for EMBJ3 to data/assets\2025\12\2\EMBJ3.csv
2025-12-02 19:43:11,709 - finance_ai - INFO - Saved data for BHIA3 to data/assets\2025\12\2\BHIA3.csv
2025-12-02 19:43:13,602 - finance_ai - INFO - Saved data for HYPE3 to data/assets\2025\12\2\HYPE3.csv
2025-12-02 19:43:15,639 - finance_ai - INFO - Saved data for RADL3 to data/assets\2025\12\2\RADL3.csv
2025-12-02 19:43:17,480 - finance_ai - INFO - Saved data for CVCB3 to data/assets\2025\12\2\CVCB3.csv
2025-12-02 19:43:19,293 - finance_ai - INFO - Saved data for EQTL3 to data/assets\2025\12\2\EQTL3.csv
2025-12-02 19:43:20,791 - finance_ai - INFO - Saved news for PETR4 to data/news\2025\12\2\PETR4.json
2025-12-02 19:43:22,274 - finance_ai - INFO - Saved news for VALE3 to data/news\2025\12\2\VALE3.json
2025-12-02 19:43:23,748 - finance_ai - INFO - Saved news for ITUB4 to data/news\2025\12\2\ITUB4.json
2025-12-02 19:43:25,190 - finance_ai - INFO - Saved news for BBDC4 to data/news\2025\12\2\BBDC4.json
2025-12-02 19:43:26,651 - finance_ai - INFO - Saved news for ABEV3 to data/news\2025\12\2\ABEV3.json
2025-12-02 19:43:28,144 - finance_ai - INFO - Saved news for BBAS3 to data/news\2025\12\2\BBAS3.json
2025-12-02 19:43:29,604 - finance_ai - INFO - Saved news for RENT3 to data/news\2025\12\2\RENT3.json
2025-12-02 19:43:31,203 - finance_ai - INFO - Saved news for MGLU3 to data/news\2025\12\2\MGLU3.json
2025-12-02 19:43:32,674 - finance_ai - INFO - Saved news for WEGE3 to data/news\2025\12\2\WEGE3.json
2025-12-02 19:43:34,145 - finance_ai - INFO - Saved news for GGBR4 to data/news\2025\12\2\GGBR4.json
2025-12-02 19:43:35,604 - finance_ai - INFO - Saved news for SANB11 to data/news\2025\12\2\SANB11.json
2025-12-02 19:43:37,099 - finance_ai - INFO - Saved news for B3SA3 to data/news\2025\12\2\B3SA3.json
2025-12-02 19:43:38,577 - finance_ai - INFO - Saved news for LREN3 to data/news\2025\12\2\LREN3.json
2025-12-02 19:43:40,604 - finance_ai - INFO - Saved news for SUZB3 to data/news\2025\12\2\SUZB3.json
2025-12-02 19:43:42,084 - finance_ai - INFO - Saved news for EMBJ3 to data/news\2025\12\2\EMBJ3.json
2025-12-02 19:43:43,525 - finance_ai - INFO - Saved news for BHIA3 to data/news\2025\12\2\BHIA3.json
2025-12-02 19:43:44,966 - finance_ai - INFO - Saved news for HYPE3 to data/news\2025\12\2\HYPE3.json
2025-12-02 19:43:46,405 - finance_ai - INFO - Saved news for RADL3 to data/news\2025\12\2\RADL3.json
2025-12-02 19:43:47,857 - finance_ai - INFO - Saved news for CVCB3 to data/news\2025\12\2\CVCB3.json
2025-12-02 19:43:49,318 - finance_ai - INFO - Saved news for EQTL3 to data/news\2025\12\2\EQTL3.json
2025-12-02 19:43:49,319 - finance_ai - INFO - Stock data and news collected and saved successfully.
2025-12-02 19:44:08,517 - finance_ai - INFO - API initialized.
2025-12-02 19:44:08,517 - finance_ai - INFO - Periodic data collection task started.
2025-12-02 19:44:14,771 - finance_ai - INFO - Saved data for PETR4 to data/assets\2025-12-02\PETR4.csv
2025-12-02 19:44:20,790 - finance_ai - INFO - Saved data for VALE3 to data/assets\2025-12-02\VALE3.csv
2025-12-02 19:44:26,790 - finance_ai - INFO - Saved data for ITUB4 to data/assets\2025-12-02\ITUB4.csv
2025-12-02 19:44:32,761 - finance_ai - INFO - Saved data for BBDC4 to data/assets\2025-12-02\BBDC4.csv
2025-12-02 19:44:39,248 - finance_ai - INFO - Saved data for ABEV3 to data/assets\2025-12-02\ABEV3.csv
2025-12-02 19:44:40,988 - finance_ai - INFO - API initialized.
2025-12-02 19:44:40,989 - finance_ai - INFO - Periodic data collection task started.
2025-12-02 19:44:45,492 - finance_ai - INFO - Saved data for BBAS3 to data/assets\2025-12-02\BBAS3.csv
2025-12-02 19:44:46,964 - finance_ai - INFO - Saved data for PETR4 to data/assets\2025-12-02\PETR4.csv
2025-12-02 19:44:51,468 - finance_ai - INFO - Saved data for RENT3 to data/assets\2025-12-02\RENT3.csv
2025-12-02 19:44:52,948 - finance_ai - INFO - Saved data for VALE3 to data/assets\2025-12-02\VALE3.csv
2025-12-02 19:44:57,448 - finance_ai - INFO - Saved data for MGLU3 to data/assets\2025-12-02\MGLU3.csv
2025-12-02 19:44:58,978 - finance_ai - INFO - Saved data for ITUB4 to data/assets\2025-12-02\ITUB4.csv
2025-12-02 19:45:04,035 - finance_ai - INFO - Saved data for WEGE3 to data/assets\2025-12-02\WEGE3.csv
2025-12-02 19:45:04,957 - finance_ai - INFO - Saved data for BBDC4 to data/assets\2025-12-02\BBDC4.csv
2025-12-02 19:45:09,998 - finance_ai - INFO - Saved data for GGBR4 to data/assets\2025-12-02\GGBR4.csv
2025-12-02 19:45:11,175 - finance_ai - INFO - Saved data for ABEV3 to data/assets\2025-12-02\ABEV3.csv
2025-12-02 19:45:16,677 - finance_ai - INFO - Saved data for SANB11 to data/assets\2025-12-02\SANB11.csv
2025-12-02 19:45:17,374 - finance_ai - INFO - Saved data for BBAS3 to data/assets\2025-12-02\BBAS3.csv
2025-12-02 19:45:22,655 - finance_ai - INFO - Saved data for B3SA3 to data/assets\2025-12-02\B3SA3.csv
2025-12-02 19:45:24,063 - finance_ai - INFO - Saved data for RENT3 to data/assets\2025-12-02\RENT3.csv
2025-12-02 19:45:28,625 - finance_ai - INFO - Saved data for LREN3 to data/assets\2025-12-02\LREN3.csv
2025-12-02 19:45:30,034 - finance_ai - INFO - Saved data for MGLU3 to data/assets\2025-12-02\MGLU3.csv
2025-12-02 19:45:34,692 - finance_ai - INFO - Saved data for SUZB3 to data/assets\2025-12-02\SUZB3.csv
2025-12-02 19:45:36,334 - finance_ai - INFO - Saved data for WEGE3 to data/assets\2025-12-02\WEGE3.csv
2025-12-02 19:45:40,657 - finance_ai - INFO - Saved data for EMBJ3 to data/assets\2025-12-02\EMBJ3.csv
2025-12-02 19:45:42,323 - finance_ai - INFO - Saved data for GGBR4 to data/assets\2025-12-02\GGBR4.csv
2025-12-02 19:45:46,896 - finance_ai - INFO - Saved data for BHIA3 to data/assets\2025-12-02\BHIA3.csv
2025-12-02 19:45:48,522 - finance_ai - INFO - Saved data for SANB11 to data/assets\2025-12-02\SANB11.csv
2025-12-02 19:45:52,885 - finance_ai - INFO - Saved data for HYPE3 to data/assets\2025-12-02\HYPE3.csv
2025-12-02 19:45:54,614 - finance_ai - INFO - Saved data for B3SA3 to data/assets\2025-12-02\B3SA3.csv
2025-12-02 19:46:31,911 - finance_ai - INFO - API initialized.
2025-12-02 19:46:31,911 - finance_ai - INFO - Periodic data collection task started.
2025-12-02 19:46:34,128 - finance_ai - INFO - Saved data for PETR4 to data/assets\2025\12\2\PETR4.csv
2025-12-02 19:46:34,775 - finance_ai - INFO - Saved dividends for PETR4 to data/assets\2025\12\2\PETR4_dividends.csv
2025-12-02 19:46:34,776 - finance_ai - INFO - Saved splits for PETR4 to data/assets\2025\12\2\PETR4_splits.csv
2025-12-02 19:46:37,649 - finance_ai - INFO - Saved data for VALE3 to data/assets\2025\12\2\VALE3.csv
2025-12-02 19:46:38,281 - finance_ai - INFO - Saved dividends for VALE3 to data/assets\2025\12\2\VALE3_dividends.csv
2025-12-02 19:46:38,282 - finance_ai - INFO - Saved splits for VALE3 to data/assets\2025\12\2\VALE3_splits.csv
2025-12-02 19:46:40,489 - finance_ai - INFO - Saved data for ITUB4 to data/assets\2025\12\2\ITUB4.csv
2025-12-02 19:46:41,509 - finance_ai - INFO - Saved dividends for ITUB4 to data/assets\2025\12\2\ITUB4_dividends.csv
2025-12-02 19:46:41,510 - finance_ai - INFO - Saved splits for ITUB4 to data/assets\2025\12\2\ITUB4_splits.csv
2025-12-02 19:46:43,470 - finance_ai - INFO - Saved data for BBDC4 to data/assets\2025\12\2\BBDC4.csv
2025-12-02 19:46:44,101 - finance_ai - INFO - Saved dividends for BBDC4 to data/assets\2025\12\2\BBDC4_dividends.csv
2025-12-02 19:46:44,102 - finance_ai - INFO - Saved splits for BBDC4 to data/assets\2025\12\2\BBDC4_splits.csv
2025-12-02 19:46:46,325 - finance_ai - INFO - Saved data for ABEV3 to data/assets\2025\12\2\ABEV3.csv
2025-12-02 19:46:46,960 - finance_ai - INFO - Saved dividends for ABEV3 to data/assets\2025\12\2\ABEV3_dividends.csv
2025-12-02 19:46:46,961 - finance_ai - INFO - Saved splits for ABEV3 to data/assets\2025\12\2\ABEV3_splits.csv
2025-12-02 19:46:48,945 - finance_ai - INFO - Saved data for BBAS3 to data/assets\2025\12\2\BBAS3.csv
2025-12-02 19:46:49,479 - finance_ai - INFO - Saved dividends for BBAS3 to data/assets\2025\12\2\BBAS3_dividends.csv
2025-12-02 19:46:49,480 - finance_ai - INFO - Saved splits for BBAS3 to data/assets\2025\12\2\BBAS3_splits.csv
2025-12-02 19:46:51,443 - finance_ai - INFO - Saved data for RENT3 to data/assets\2025\12\2\RENT3.csv
2025-12-02 19:46:52,099 - finance_ai - INFO - Saved dividends for RENT3 to data/assets\2025\12\2\RENT3_dividends.csv
2025-12-02 19:46:52,100 - finance_ai - INFO - Saved splits for RENT3 to data/assets\2025\12\2\RENT3_splits.csv
2025-12-02 19:46:54,572 - finance_ai - INFO - Saved data for MGLU3 to data/assets\2025\12\2\MGLU3.csv
2025-12-02 19:46:55,026 - finance_ai - INFO - Saved dividends for MGLU3 to data/assets\2025\12\2\MGLU3_dividends.csv
2025-12-02 19:46:55,026 - finance_ai - INFO - Saved splits for MGLU3 to data/assets\2025\12\2\MGLU3_splits.csv
2025-12-02 19:49:04,974 - finance_ai - INFO - API initialized.
2025-12-02 19:49:04,974 - finance_ai - INFO - Periodic data collection task started.
2025-12-02 19:49:06,968 - finance_ai - INFO - Saved price data for PETR4 to data/assets\2025\12\2\PETR4\price.csv
2025-12-02 19:49:07,656 - finance_ai - INFO - Saved dividends for PETR4 to data/assets\2025\12\2\PETR4\dividends.csv
2025-12-02 19:49:07,657 - finance_ai - INFO - Saved splits for PETR4 to data/assets\2025\12\2\PETR4\splits.csv
2025-12-02 19:49:10,773 - finance_ai - INFO - Saved price data for VALE3 to data/assets\2025\12\2\VALE3\price.csv
2025-12-02 19:49:11,643 - finance_ai - INFO - Saved dividends for VALE3 to data/assets\2025\12\2\VALE3\dividends.csv
2025-12-02 19:49:11,644 - finance_ai - INFO - Saved splits for VALE3 to data/assets\2025\12\2\VALE3\splits.csv
2025-12-02 19:49:13,688 - finance_ai - INFO - Saved price data for ITUB4 to data/assets\2025\12\2\ITUB4\price.csv
2025-12-02 19:49:14,443 - finance_ai - INFO - Saved dividends for ITUB4 to data/assets\2025\12\2\ITUB4\dividends.csv
2025-12-02 19:49:14,444 - finance_ai - INFO - Saved splits for ITUB4 to data/assets\2025\12\2\ITUB4\splits.csv
2025-12-02 19:49:16,412 - finance_ai - INFO - Saved price data for BBDC4 to data/assets\2025\12\2\BBDC4\price.csv
2025-12-02 19:49:17,049 - finance_ai - INFO - Saved dividends for BBDC4 to data/assets\2025\12\2\BBDC4\dividends.csv
2025-12-02 19:49:17,050 - finance_ai - INFO - Saved splits for BBDC4 to data/assets\2025\12\2\BBDC4\splits.csv
2025-12-02 19:49:19,258 - finance_ai - INFO - Saved price data for ABEV3 to data/assets\2025\12\2\ABEV3\price.csv
2025-12-02 19:49:19,886 - finance_ai - INFO - Saved dividends for ABEV3 to data/assets\2025\12\2\ABEV3\dividends.csv
2025-12-02 19:49:19,886 - finance_ai - INFO - Saved splits for ABEV3 to data/assets\2025\12\2\ABEV3\splits.csv
2025-12-02 19:49:21,898 - finance_ai - INFO - Saved price data for BBAS3 to data/assets\2025\12\2\BBAS3\price.csv
2025-12-02 19:49:22,528 - finance_ai - INFO - Saved dividends for BBAS3 to data/assets\2025\12\2\BBAS3\dividends.csv
2025-12-02 19:49:22,529 - finance_ai - INFO - Saved splits for BBAS3 to data/assets\2025\12\2\BBAS3\splits.csv
2025-12-02 19:49:24,525 - finance_ai - INFO - Saved price data for RENT3 to data/assets\2025\12\2\RENT3\price.csv
2025-12-02 19:49:25,400 - finance_ai - INFO - Saved dividends for RENT3 to data/assets\2025\12\2\RENT3\dividends.csv
2025-12-02 19:49:25,402 - finance_ai - INFO - Saved splits for RENT3 to data/assets\2025\12\2\RENT3\splits.csv
2025-12-02 19:49:27,345 - finance_ai - INFO - Saved price data for MGLU3 to data/assets\2025\12\2\MGLU3\price.csv
2025-12-02 19:49:28,142 - finance_ai - INFO - Saved dividends for MGLU3 to data/assets\2025\12\2\MGLU3\dividends.csv
2025-12-02 19:49:28,142 - finance_ai - INFO - Saved splits for MGLU3 to data/assets\2025\12\2\MGLU3\splits.csv
2025-12-02 19:49:30,371 - finance_ai - INFO - Saved price data for WEGE3 to data/assets\2025\12\2\WEGE3\price.csv
2025-12-02 19:49:31,038 - finance_ai - INFO - Saved dividends for WEGE3 to data/assets\2025\12\2\WEGE3\dividends.csv
2025-12-02 19:49:31,040 - finance_ai - INFO - Saved splits for WEGE3 to data/assets\2025\12\2\WEGE3\splits.csv
2025-12-02 19:49:33,261 - finance_ai - INFO - Saved price data for GGBR4 to data/assets\2025\12\2\GGBR4\price.csv
2025-12-02 19:49:33,918 - finance_ai - INFO - Saved dividends for GGBR4 to data/assets\2025\12\2\GGBR4\dividends.csv
2025-12-02 19:49:33,918 - finance_ai - INFO - Saved splits for GGBR4 to data/assets\2025\12\2\GGBR4\splits.csv
2025-12-02 19:49:36,150 - finance_ai - INFO - Saved price data for SANB11 to data/assets\2025\12\2\SANB11\price.csv
2025-12-02 19:49:36,717 - finance_ai - INFO - Saved dividends for SANB11 to data/assets\2025\12\2\SANB11\dividends.csv
2025-12-02 19:49:36,718 - finance_ai - INFO - Saved splits for SANB11 to data/assets\2025\12\2\SANB11\splits.csv
2025-12-02 19:49:38,932 - finance_ai - INFO - Saved price data for B3SA3 to data/assets\2025\12\2\B3SA3\price.csv
2025-12-02 19:49:39,520 - finance_ai - INFO - Saved dividends for B3SA3 to data/assets\2025\12\2\B3SA3\dividends.csv
2025-12-02 19:49:39,520 - finance_ai - INFO - Saved splits for B3SA3 to data/assets\2025\12\2\B3SA3\splits.csv
2025-12-02 19:49:41,506 - finance_ai - INFO - Saved price data for LREN3 to data/assets\2025\12\2\LREN3\price.csv
2025-12-02 19:49:42,113 - finance_ai - INFO - Saved dividends for LREN3 to data/assets\2025\12\2\LREN3\dividends.csv
2025-12-02 19:49:42,114 - finance_ai - INFO - Saved splits for LREN3 to data/assets\2025\12\2\LREN3\splits.csv
2025-12-02 19:49:44,327 - finance_ai - INFO - Saved price data for SUZB3 to data/assets\2025\12\2\SUZB3\price.csv
2025-12-02 19:49:44,820 - finance_ai - INFO - Saved dividends for SUZB3 to data/assets\2025\12\2\SUZB3\dividends.csv
2025-12-02 19:49:44,821 - finance_ai - INFO - Saved splits for SUZB3 to data/assets\2025\12\2\SUZB3\splits.csv
2025-12-02 19:49:47,287 - finance_ai - INFO - Saved price data for EMBJ3 to data/assets\2025\12\2\EMBJ3\price.csv
2025-12-02 19:49:49,408 - finance_ai - INFO - Saved price data for BHIA3 to data/assets\2025\12\2\BHIA3\price.csv
2025-12-02 19:49:50,022 - finance_ai - INFO - Saved dividends for BHIA3 to data/assets\2025\12\2\BHIA3\dividends.csv
2025-12-02 19:49:50,022 - finance_ai - INFO - Saved splits for BHIA3 to data/assets\2025\12\2\BHIA3\splits.csv
2025-12-02 19:49:52,040 - finance_ai - INFO - Saved price data for HYPE3 to data/assets\2025\12\2\HYPE3\price.csv
2025-12-02 19:49:52,796 - finance_ai - INFO - Saved dividends for HYPE3 to data/assets\2025\12\2\HYPE3\dividends.csv
2025-12-02 19:49:52,797 - finance_ai - INFO - Saved splits for HYPE3 to data/assets\2025\12\2\HYPE3\splits.csv
2025-12-02 19:49:54,770 - finance_ai - INFO - Saved price data for RADL3 to data/assets\2025\12\2\RADL3\price.csv
2025-12-02 19:49:55,439 - finance_ai - INFO - Saved dividends for RADL3 to data/assets\2025\12\2\RADL3\dividends.csv
2025-12-02 19:49:55,439 - finance_ai - INFO - Saved splits for RADL3 to data/assets\2025\12\2\RADL3\splits.csv
2025-12-02 19:49:57,660 - finance_ai - INFO - Saved price data for CVCB3 to data/assets\2025\12\2\CVCB3\price.csv
2025-12-02 19:49:58,213 - finance_ai - INFO - Saved dividends for CVCB3 to data/assets\2025\12\2\CVCB3\dividends.csv
2025-12-02 19:50:00,674 - finance_ai - INFO - Saved price data for EQTL3 to data/assets\2025\12\2\EQTL3\price.csv
2025-12-02 19:50:01,272 - finance_ai - INFO - Saved dividends for EQTL3 to data/assets\2025\12\2\EQTL3\dividends.csv
2025-12-02 19:50:01,274 - finance_ai - INFO - Saved splits for EQTL3 to data/assets\2025\12\2\EQTL3\splits.csv
2025-12-02 19:50:03,345 - finance_ai - INFO - Saved news for PETR4 to data/news\2025\12\2\PETR4.json
2025-12-02 19:50:05,001 - finance_ai - INFO - Saved news for VALE3 to data/news\2025\12\2\VALE3.json
2025-12-02 19:50:06,565 - finance_ai - INFO - Saved news for ITUB4 to data/news\2025\12\2\ITUB4.json
2025-12-02 19:50:08,108 - finance_ai - INFO - Saved news for BBDC4 to data/news\2025\12\2\BBDC4.json
2025-12-02 19:50:09,609 - finance_ai - INFO - Saved news for ABEV3 to data/news\2025\12\2\ABEV3.json
2025-12-02 19:50:11,520 - finance_ai - INFO - Saved news for BBAS3 to data/news\2025\12\2\BBAS3.json
2025-12-02 19:50:13,010 - finance_ai - INFO - Saved news for RENT3 to data/news\2025\12\2\RENT3.json
2025-12-02 19:50:14,499 - finance_ai - INFO - Saved news for MGLU3 to data/news\2025\12\2\MGLU3.json
2025-12-02 19:50:15,996 - finance_ai - INFO - Saved news for WEGE3 to data/news\2025\12\2\WEGE3.json
2025-12-02 19:50:17,481 - finance_ai - INFO - Saved news for GGBR4 to data/news\2025\12\2\GGBR4.json
2025-12-02 19:50:19,003 - finance_ai - INFO - Saved news for SANB11 to data/news\2025\12\2\SANB11.json
2025-12-02 19:50:20,467 - finance_ai - INFO - Saved news for B3SA3 to data/news\2025\12\2\B3SA3.json
2025-12-02 19:50:21,966 - finance_ai - INFO - Saved news for LREN3 to data/news\2025\12\2\LREN3.json
2025-12-02 19:50:23,435 - finance_ai - INFO - Saved news for SUZB3 to data/news\2025\12\2\SUZB3.json
2025-12-02 19:50:24,936 - finance_ai - INFO - Saved news for EMBJ3 to data/news\2025\12\2\EMBJ3.json
2025-12-02 19:50:26,403 - finance_ai - INFO - Saved news for BHIA3 to data/news\2025\12\2\BHIA3.json
2025-12-02 19:50:27,880 - finance_ai - INFO - Saved news for HYPE3 to data/news\2025\12\2\HYPE3.json
2025-12-02 19:50:29,369 - finance_ai - INFO - Saved news for RADL3 to data/news\2025\12\2\RADL3.json
2025-12-02 19:50:30,829 - finance_ai - INFO - Saved news for CVCB3 to data/news\2025\12\2\CVCB3.json
2025-12-02 19:50:32,318 - finance_ai - INFO - Saved news for EQTL3 to data/news\2025\12\2\EQTL3.json
2025-12-02 19:50:32,318 - finance_ai - INFO - Stock data and news collected and saved successfully.
2025-12-02 19:51:34,167 - finance_ai - INFO - Saved price data for PETR4 to data/assets\2025\12\2\PETR4\price.csv
2025-12-02 19:51:34,769 - finance_ai - INFO - Saved dividends for PETR4 to data/assets\2025\12\2\PETR4\dividends.csv
2025-12-02 19:51:34,770 - finance_ai - INFO - Saved splits for PETR4 to data/assets\2025\12\2\PETR4\splits.csv
2025-12-02 19:51:36,591 - finance_ai - INFO - Saved price data for VALE3 to data/assets\2025\12\2\VALE3\price.csv
2025-12-02 19:51:37,214 - finance_ai - INFO - Saved dividends for VALE3 to data/assets\2025\12\2\VALE3\dividends.csv
2025-12-02 19:51:37,216 - finance_ai - INFO - Saved splits for VALE3 to data/assets\2025\12\2\VALE3\splits.csv
2025-12-02 19:51:39,041 - finance_ai - INFO - Saved price data for ITUB4 to data/assets\2025\12\2\ITUB4\price.csv
2025-12-02 19:51:39,825 - finance_ai - INFO - Saved dividends for ITUB4 to data/assets\2025\12\2\ITUB4\dividends.csv
2025-12-02 19:51:39,826 - finance_ai - INFO - Saved splits for ITUB4 to data/assets\2025\12\2\ITUB4\splits.csv
2025-12-02 19:51:41,637 - finance_ai - INFO - Saved price data for BBDC4 to data/assets\2025\12\2\BBDC4\price.csv
2025-12-02 19:51:42,254 - finance_ai - INFO - Saved dividends for BBDC4 to data/assets\2025\12\2\BBDC4\dividends.csv
2025-12-02 19:51:42,255 - finance_ai - INFO - Saved splits for BBDC4 to data/assets\2025\12\2\BBDC4\splits.csv
2025-12-02 19:51:44,299 - finance_ai - INFO - Saved price data for ABEV3 to data/assets\2025\12\2\ABEV3\price.csv
2025-12-02 19:51:44,676 - finance_ai - INFO - Saved dividends for ABEV3 to data/assets\2025\12\2\ABEV3\dividends.csv
2025-12-02 19:51:44,677 - finance_ai - INFO - Saved splits for ABEV3 to data/assets\2025\12\2\ABEV3\splits.csv
2025-12-02 19:51:46,732 - finance_ai - INFO - Saved price data for BBAS3 to data/assets\2025\12\2\BBAS3\price.csv
2025-12-02 19:52:04,591 - finance_ai - INFO - API initialized.
2025-12-02 19:52:04,591 - finance_ai - INFO - Periodic data collection task started.
2025-12-02 19:52:06,856 - finance_ai - INFO - Saved price data for PETR4 to data/assets\PETR4\price.csv
2025-12-02 19:52:07,287 - finance_ai - INFO - Saved dividends for PETR4 to data/assets\PETR4\dividends.csv
2025-12-02 19:52:07,289 - finance_ai - INFO - Saved splits for PETR4 to data/assets\PETR4\splits.csv
2025-12-02 19:52:09,466 - finance_ai - INFO - Saved price data for VALE3 to data/assets\VALE3\price.csv
2025-12-02 19:52:10,076 - finance_ai - INFO - Saved dividends for VALE3 to data/assets\VALE3\dividends.csv
2025-12-02 19:52:10,076 - finance_ai - INFO - Saved splits for VALE3 to data/assets\VALE3\splits.csv
2025-12-02 19:52:12,143 - finance_ai - INFO - Saved price data for ITUB4 to data/assets\ITUB4\price.csv
2025-12-02 19:52:12,902 - finance_ai - INFO - Saved dividends for ITUB4 to data/assets\ITUB4\dividends.csv
2025-12-02 19:52:12,903 - finance_ai - INFO - Saved splits for ITUB4 to data/assets\ITUB4\splits.csv
2025-12-02 19:52:15,479 - finance_ai - INFO - Saved price data for BBDC4 to data/assets\BBDC4\price.csv
2025-12-02 19:52:16,118 - finance_ai - INFO - Saved dividends for BBDC4 to data/assets\BBDC4\dividends.csv
2025-12-02 19:52:16,118 - finance_ai - INFO - Saved splits for BBDC4 to data/assets\BBDC4\splits.csv
2025-12-02 19:52:18,280 - finance_ai - INFO - Saved price data for ABEV3 to data/assets\ABEV3\price.csv
2025-12-02 19:52:18,919 - finance_ai - INFO - Saved dividends for ABEV3 to data/assets\ABEV3\dividends.csv
2025-12-02 19:52:18,919 - finance_ai - INFO - Saved splits for ABEV3 to data/assets\ABEV3\splits.csv
2025-12-02 19:52:21,295 - finance_ai - INFO - Saved price data for BBAS3 to data/assets\BBAS3\price.csv
2025-12-02 19:52:21,907 - finance_ai - INFO - Saved dividends for BBAS3 to data/assets\BBAS3\dividends.csv
2025-12-02 19:52:21,908 - finance_ai - INFO - Saved splits for BBAS3 to data/assets\BBAS3\splits.csv
2025-12-02 19:52:24,302 - finance_ai - INFO - Saved price data for RENT3 to data/assets\RENT3\price.csv
2025-12-02 19:52:24,774 - finance_ai - INFO - Saved dividends for RENT3 to data/assets\RENT3\dividends.csv
2025-12-02 19:52:24,775 - finance_ai - INFO - Saved splits for RENT3 to data/assets\RENT3\splits.csv
2025-12-02 19:52:27,296 - finance_ai - INFO - Saved price data for MGLU3 to data/assets\MGLU3\price.csv
2025-12-02 19:52:27,866 - finance_ai - INFO - Saved dividends for MGLU3 to data/assets\MGLU3\dividends.csv
2025-12-02 19:52:27,867 - finance_ai - INFO - Saved splits for MGLU3 to data/assets\MGLU3\splits.csv
2025-12-02 19:52:30,844 - finance_ai - INFO - Saved price data for WEGE3 to data/assets\WEGE3\price.csv
2025-12-02 19:52:31,339 - finance_ai - INFO - Saved dividends for WEGE3 to data/assets\WEGE3\dividends.csv
2025-12-02 19:52:31,340 - finance_ai - INFO - Saved splits for WEGE3 to data/assets\WEGE3\splits.csv
2025-12-02 19:52:33,447 - finance_ai - INFO - Saved price data for GGBR4 to data/assets\GGBR4\price.csv
2025-12-02 19:52:34,131 - finance_ai - INFO - Saved dividends for GGBR4 to data/assets\GGBR4\dividends.csv
2025-12-02 19:52:34,131 - finance_ai - INFO - Saved splits for GGBR4 to data/assets\GGBR4\splits.csv
2025-12-02 19:52:36,288 - finance_ai - INFO - Saved price data for SANB11 to data/assets\SANB11\price.csv
2025-12-02 19:52:36,888 - finance_ai - INFO - Saved dividends for SANB11 to data/assets\SANB11\dividends.csv
2025-12-02 19:52:36,888 - finance_ai - INFO - Saved splits for SANB11 to data/assets\SANB11\splits.csv
2025-12-02 19:52:39,087 - finance_ai - INFO - Saved price data for B3SA3 to data/assets\B3SA3\price.csv
2025-12-02 19:52:39,917 - finance_ai - INFO - Saved dividends for B3SA3 to data/assets\B3SA3\dividends.csv
2025-12-02 19:52:39,918 - finance_ai - INFO - Saved splits for B3SA3 to data/assets\B3SA3\splits.csv
2025-12-02 19:52:42,075 - finance_ai - INFO - Saved price data for LREN3 to data/assets\LREN3\price.csv
2025-12-02 19:52:42,799 - finance_ai - INFO - Saved dividends for LREN3 to data/assets\LREN3\dividends.csv
2025-12-02 19:52:42,800 - finance_ai - INFO - Saved splits for LREN3 to data/assets\LREN3\splits.csv
2025-12-02 19:52:45,255 - finance_ai - INFO - Saved price data for SUZB3 to data/assets\SUZB3\price.csv
2025-12-02 19:52:45,710 - finance_ai - INFO - Saved dividends for SUZB3 to data/assets\SUZB3\dividends.csv
2025-12-02 19:52:45,710 - finance_ai - INFO - Saved splits for SUZB3 to data/assets\SUZB3\splits.csv
2025-12-02 19:52:47,904 - finance_ai - INFO - Saved price data for EMBJ3 to data/assets\EMBJ3\price.csv
2025-12-02 19:52:50,242 - finance_ai - INFO - Saved price data for BHIA3 to data/assets\BHIA3\price.csv
2025-12-02 19:52:51,073 - finance_ai - INFO - Saved dividends for BHIA3 to data/assets\BHIA3\dividends.csv
2025-12-02 19:52:51,075 - finance_ai - INFO - Saved splits for BHIA3 to data/assets\BHIA3\splits.csv
2025-12-02 19:52:53,231 - finance_ai - INFO - Saved price data for HYPE3 to data/assets\HYPE3\price.csv
2025-12-02 19:52:53,809 - finance_ai - INFO - Saved dividends for HYPE3 to data/assets\HYPE3\dividends.csv
2025-12-02 19:52:53,810 - finance_ai - INFO - Saved splits for HYPE3 to data/assets\HYPE3\splits.csv
2025-12-02 19:52:56,222 - finance_ai - INFO - Saved price data for RADL3 to data/assets\RADL3\price.csv
2025-12-02 19:52:56,646 - finance_ai - INFO - Saved dividends for RADL3 to data/assets\RADL3\dividends.csv
2025-12-02 19:52:56,648 - finance_ai - INFO - Saved splits for RADL3 to data/assets\RADL3\splits.csv
2025-12-02 19:52:59,270 - finance_ai - INFO - Saved price data for CVCB3 to data/assets\CVCB3\price.csv
2025-12-02 19:52:59,745 - finance_ai - INFO - Saved dividends for CVCB3 to data/assets\CVCB3\dividends.csv
2025-12-02 19:53:01,923 - finance_ai - INFO - Saved price data for EQTL3 to data/assets\EQTL3\price.csv
2025-12-02 19:53:02,506 - finance_ai - INFO - Saved dividends for EQTL3 to data/assets\EQTL3\dividends.csv
2025-12-02 19:53:02,507 - finance_ai - INFO - Saved splits for EQTL3 to data/assets\EQTL3\splits.csv
2025-12-02 19:53:04,160 - finance_ai - INFO - Saved news for PETR4 to data/news\2025\12\2\PETR4.json
2025-12-02 19:53:05,609 - finance_ai - INFO - Saved news for VALE3 to data/news\2025\12\2\VALE3.json
2025-12-02 19:53:07,247 - finance_ai - INFO - Saved news for ITUB4 to data/news\2025\12\2\ITUB4.json
2025-12-02 19:53:08,731 - finance_ai - INFO - Saved news for BBDC4 to data/news\2025\12\2\BBDC4.json
2025-12-02 19:53:10,182 - finance_ai - INFO - Saved news for ABEV3 to data/news\2025\12\2\ABEV3.json
2025-12-02 19:53:11,671 - finance_ai - INFO - Saved news for BBAS3 to data/news\2025\12\2\BBAS3.json
2025-12-02 19:53:13,145 - finance_ai - INFO - Saved news for RENT3 to data/news\2025\12\2\RENT3.json
2025-12-02 19:53:14,594 - finance_ai - INFO - Saved news for MGLU3 to data/news\2025\12\2\MGLU3.json
2025-12-02 19:53:16,069 - finance_ai - INFO - Saved news for WEGE3 to data/news\2025\12\2\WEGE3.json
2025-12-02 19:53:17,517 - finance_ai - INFO - Saved news for GGBR4 to data/news\2025\12\2\GGBR4.json
2025-12-02 19:53:18,969 - finance_ai - INFO - Saved news for SANB11 to data/news\2025\12\2\SANB11.json
2025-12-02 19:53:20,576 - finance_ai - INFO - Saved news for B3SA3 to data/news\2025\12\2\B3SA3.json
2025-12-02 19:53:22,047 - finance_ai - INFO - Saved news for LREN3 to data/news\2025\12\2\LREN3.json
2025-12-02 19:53:23,515 - finance_ai - INFO - Saved news for SUZB3 to data/news\2025\12\2\SUZB3.json
2025-12-02 19:53:25,012 - finance_ai - INFO - Saved news for EMBJ3 to data/news\2025\12\2\EMBJ3.json
2025-12-02 19:53:26,453 - finance_ai - INFO - Saved news for BHIA3 to data/news\2025\12\2\BHIA3.json
2025-12-02 19:53:27,939 - finance_ai - INFO - Saved news for HYPE3 to data/news\2025\12\2\HYPE3.json
2025-12-02 19:53:29,429 - finance_ai - INFO - Saved news for RADL3 to data/news\2025\12\2\RADL3.json
2025-12-02 19:53:30,876 - finance_ai - INFO - Saved news for CVCB3 to data/news\2025\12\2\CVCB3.json
2025-12-02 19:53:32,327 - finance_ai - INFO - Saved news for EQTL3 to data/news\2025\12\2\EQTL3.json
2025-12-02 19:53:32,328 - finance_ai - INFO - Stock data and news collected and saved successfully.
2025-12-02 19:54:34,374 - finance_ai - INFO - Saved price data for PETR4 to data/assets\PETR4\price.csv
2025-12-02 19:54:34,993 - finance_ai - INFO - Saved dividends for PETR4 to data/assets\PETR4\dividends.csv
2025-12-02 19:54:34,994 - finance_ai - INFO - Saved splits for PETR4 to data/assets\PETR4\splits.csv
2025-12-02 19:54:37,072 - finance_ai - INFO - Saved price data for VALE3 to data/assets\VALE3\price.csv
2025-12-02 19:54:37,690 - finance_ai - INFO - Saved dividends for VALE3 to data/assets\VALE3\dividends.csv
2025-12-02 19:54:37,691 - finance_ai - INFO - Saved splits for VALE3 to data/assets\VALE3\splits.csv
2025-12-02 19:54:39,950 - finance_ai - INFO - Saved price data for ITUB4 to data/assets\ITUB4\price.csv
2025-12-02 19:54:40,707 - finance_ai - INFO - Saved dividends for ITUB4 to data/assets\ITUB4\dividends.csv
2025-12-02 19:54:40,708 - finance_ai - INFO - Saved splits for ITUB4 to data/assets\ITUB4\splits.csv
2025-12-02 19:54:42,590 - finance_ai - INFO - Saved price data for BBDC4 to data/assets\BBDC4\price.csv
2025-12-02 19:54:43,101 - finance_ai - INFO - Saved dividends for BBDC4 to data/assets\BBDC4\dividends.csv
2025-12-02 19:54:43,103 - finance_ai - INFO - Saved splits for BBDC4 to data/assets\BBDC4\splits.csv
2025-12-02 19:54:45,208 - finance_ai - INFO - Saved price data for ABEV3 to data/assets\ABEV3\price.csv
2025-12-02 19:54:45,730 - finance_ai - INFO - Saved dividends for ABEV3 to data/assets\ABEV3\dividends.csv
2025-12-02 19:54:45,731 - finance_ai - INFO - Saved splits for ABEV3 to data/assets\ABEV3\splits.csv
2025-12-02 19:54:47,752 - finance_ai - INFO - Saved price data for BBAS3 to data/assets\BBAS3\price.csv
2025-12-02 19:54:48,426 - finance_ai - INFO - Saved dividends for BBAS3 to data/assets\BBAS3\dividends.csv
2025-12-02 19:54:48,427 - finance_ai - INFO - Saved splits for BBAS3 to data/assets\BBAS3\splits.csv
2025-12-02 19:54:50,932 - finance_ai - INFO - Saved price data for RENT3 to data/assets\RENT3\price.csv
2025-12-02 19:54:51,544 - finance_ai - INFO - Saved dividends for RENT3 to data/assets\RENT3\dividends.csv
2025-12-02 19:54:51,545 - finance_ai - INFO - Saved splits for RENT3 to data/assets\RENT3\splits.csv
